{"contracts/AccessControl/AllowedAddresses.sol":{"l":{"13":141,"14":141,"18":148,"19":148,"20":148,"24":7,"25":7,"26":7,"30":0,"34":285,"35":279},"path":"/Users/h0tmilk/Documents/ApeGuard/contracts/AccessControl/AllowedAddresses.sol","s":{"1":141,"2":141,"3":148,"4":148,"5":148,"6":7,"7":7,"8":7,"9":0,"10":285},"b":{"1":[148,0],"2":[7,0],"3":[279,6]},"f":{"1":141,"2":148,"3":7,"4":0,"5":285},"fnMap":{"1":{"name":"constructor","line":12,"loc":{"start":{"line":12,"column":4},"end":{"line":15,"column":4}}},"2":{"name":"allowAddress","line":17,"loc":{"start":{"line":17,"column":4},"end":{"line":21,"column":4}}},"3":{"name":"disallowAddress","line":23,"loc":{"start":{"line":23,"column":4},"end":{"line":27,"column":4}}},"4":{"name":"isAllowed","line":29,"loc":{"start":{"line":29,"column":4},"end":{"line":31,"column":4}}},"5":{"name":"onlyAllowedSender","line":33,"loc":{"start":{"line":33,"column":4},"end":{"line":36,"column":4}}}},"statementMap":{"1":{"start":{"line":13,"column":8},"end":{"line":13,"column":33}},"2":{"start":{"line":14,"column":8},"end":{"line":14,"column":31}},"3":{"start":{"line":18,"column":8},"end":{"line":18,"column":77}},"4":{"start":{"line":19,"column":8},"end":{"line":19,"column":47}},"5":{"start":{"line":20,"column":8},"end":{"line":20,"column":61}},"6":{"start":{"line":24,"column":8},"end":{"line":24,"column":77}},"7":{"start":{"line":25,"column":8},"end":{"line":25,"column":48}},"8":{"start":{"line":26,"column":8},"end":{"line":26,"column":61}},"9":{"start":{"line":30,"column":8},"end":{"line":30,"column":41}},"10":{"start":{"line":34,"column":8},"end":{"line":34,"column":100}}},"branchMap":{"1":{"line":18,"type":"if","locations":[{"start":{"line":18,"column":8},"end":{"line":18,"column":8}},{"start":{"line":18,"column":8},"end":{"line":18,"column":8}}]},"2":{"line":24,"type":"if","locations":[{"start":{"line":24,"column":8},"end":{"line":24,"column":8}},{"start":{"line":24,"column":8},"end":{"line":24,"column":8}}]},"3":{"line":34,"type":"if","locations":[{"start":{"line":34,"column":8},"end":{"line":34,"column":8}},{"start":{"line":34,"column":8},"end":{"line":34,"column":8}}]}}},"contracts/Governance/ApeGuardGovernance.sol":{"l":{"28":1,"37":1,"46":2,"55":5,"63":1,"72":1,"79":1,"87":0,"96":2,"105":0},"path":"/Users/h0tmilk/Documents/ApeGuard/contracts/Governance/ApeGuardGovernance.sol","s":{"1":1,"2":1,"3":2,"4":5,"5":1,"6":1,"7":1,"8":0,"9":2,"10":0},"b":{},"f":{"1":3,"2":1,"3":1,"4":2,"5":5,"6":1,"7":1,"8":1,"9":0,"10":2,"11":0},"fnMap":{"1":{"name":"constructor","line":17,"loc":{"start":{"line":12,"column":4},"end":{"line":18,"column":5}}},"2":{"name":"votingDelay","line":22,"loc":{"start":{"line":22,"column":4},"end":{"line":29,"column":4}}},"3":{"name":"votingPeriod","line":31,"loc":{"start":{"line":31,"column":4},"end":{"line":38,"column":4}}},"4":{"name":"quorum","line":40,"loc":{"start":{"line":40,"column":4},"end":{"line":47,"column":4}}},"5":{"name":"state","line":49,"loc":{"start":{"line":49,"column":4},"end":{"line":56,"column":4}}},"6":{"name":"propose","line":58,"loc":{"start":{"line":58,"column":4},"end":{"line":64,"column":4}}},"7":{"name":"proposalThreshold","line":66,"loc":{"start":{"line":66,"column":4},"end":{"line":73,"column":4}}},"8":{"name":"_execute","line":75,"loc":{"start":{"line":75,"column":4},"end":{"line":80,"column":4}}},"9":{"name":"_cancel","line":82,"loc":{"start":{"line":82,"column":4},"end":{"line":88,"column":4}}},"10":{"name":"_executor","line":90,"loc":{"start":{"line":90,"column":4},"end":{"line":97,"column":4}}},"11":{"name":"supportsInterface","line":99,"loc":{"start":{"line":99,"column":4},"end":{"line":106,"column":4}}}},"statementMap":{"1":{"start":{"line":28,"column":8},"end":{"line":28,"column":34}},"2":{"start":{"line":37,"column":8},"end":{"line":37,"column":35}},"3":{"start":{"line":46,"column":8},"end":{"line":46,"column":40}},"4":{"start":{"line":55,"column":8},"end":{"line":55,"column":38}},"5":{"start":{"line":63,"column":8},"end":{"line":63,"column":69}},"6":{"start":{"line":72,"column":8},"end":{"line":72,"column":40}},"7":{"start":{"line":79,"column":8},"end":{"line":79,"column":78}},"8":{"start":{"line":87,"column":8},"end":{"line":87,"column":73}},"9":{"start":{"line":96,"column":8},"end":{"line":96,"column":32}},"10":{"start":{"line":105,"column":8},"end":{"line":105,"column":51}}},"branchMap":{}},"contracts/Governance/ApeGuardTimelock.sol":{"l":{},"path":"/Users/h0tmilk/Documents/ApeGuard/contracts/Governance/ApeGuardTimelock.sol","s":{},"b":{},"f":{"1":3},"fnMap":{"1":{"name":"constructor","line":15,"loc":{"start":{"line":8,"column":4},"end":{"line":16,"column":5}}}},"statementMap":{},"branchMap":{}},"contracts/Registries/AddressesRegistry.sol":{"l":{"19":25,"20":25,"22":25,"23":25,"24":25,"28":6,"29":6,"30":5,"31":5,"34":5,"35":5,"36":5,"37":5,"38":5,"39":5,"43":8,"45":8,"49":8,"50":8,"52":8,"56":4,"60":13,"61":13,"65":52,"69":13},"path":"/Users/h0tmilk/Documents/ApeGuard/contracts/Registries/AddressesRegistry.sol","s":{"1":25,"2":25,"3":25,"4":25,"5":25,"6":6,"7":6,"8":5,"9":5,"10":5,"11":5,"12":5,"13":5,"14":5,"15":8,"16":8,"17":8,"18":8,"19":8,"20":4,"21":13,"22":13,"23":52,"24":13},"b":{"1":[25,0],"2":[5,1],"3":[5,0],"4":[8,0],"5":[8,0]},"f":{"1":33,"2":25,"3":6,"4":8,"5":8,"6":4,"7":13,"8":52,"9":13},"fnMap":{"1":{"name":"constructor","line":16,"loc":{"start":{"line":16,"column":4},"end":{"line":16,"column":38}}},"2":{"name":"add","line":18,"loc":{"start":{"line":18,"column":4},"end":{"line":25,"column":4}}},"3":{"name":"remove","line":27,"loc":{"start":{"line":27,"column":4},"end":{"line":40,"column":4}}},"4":{"name":"getByIndex","line":42,"loc":{"start":{"line":42,"column":4},"end":{"line":46,"column":4}}},"5":{"name":"getAddressId","line":48,"loc":{"start":{"line":48,"column":4},"end":{"line":53,"column":4}}},"6":{"name":"size","line":55,"loc":{"start":{"line":55,"column":4},"end":{"line":57,"column":4}}},"7":{"name":"contains","line":59,"loc":{"start":{"line":59,"column":4},"end":{"line":62,"column":4}}},"8":{"name":"_contains","line":64,"loc":{"start":{"line":64,"column":4},"end":{"line":66,"column":4}}},"9":{"name":"_isInRange","line":68,"loc":{"start":{"line":68,"column":4},"end":{"line":70,"column":4}}}},"statementMap":{"1":{"start":{"line":19,"column":8},"end":{"line":19,"column":54}},"2":{"start":{"line":20,"column":8},"end":{"line":20,"column":59}},"3":{"start":{"line":22,"column":8},"end":{"line":22,"column":35}},"4":{"start":{"line":23,"column":8},"end":{"line":23,"column":45}},"5":{"start":{"line":24,"column":8},"end":{"line":24,"column":26}},"6":{"start":{"line":28,"column":8},"end":{"line":28,"column":54}},"7":{"start":{"line":29,"column":8},"end":{"line":29,"column":66}},"8":{"start":{"line":30,"column":8},"end":{"line":30,"column":65}},"9":{"start":{"line":31,"column":8},"end":{"line":31,"column":46}},"10":{"start":{"line":34,"column":8},"end":{"line":34,"column":57}},"11":{"start":{"line":35,"column":8},"end":{"line":35,"column":64}},"12":{"start":{"line":36,"column":8},"end":{"line":36,"column":62}},"13":{"start":{"line":37,"column":8},"end":{"line":37,"column":70}},"14":{"start":{"line":38,"column":8},"end":{"line":38,"column":26}},"15":{"start":{"line":43,"column":8},"end":{"line":43,"column":60}},"16":{"start":{"line":45,"column":8},"end":{"line":45,"column":36}},"17":{"start":{"line":49,"column":8},"end":{"line":49,"column":54}},"18":{"start":{"line":50,"column":8},"end":{"line":50,"column":66}},"19":{"start":{"line":52,"column":8},"end":{"line":52,"column":42}},"20":{"start":{"line":56,"column":8},"end":{"line":56,"column":35}},"21":{"start":{"line":60,"column":8},"end":{"line":60,"column":54}},"22":{"start":{"line":61,"column":8},"end":{"line":61,"column":31}},"23":{"start":{"line":65,"column":8},"end":{"line":65,"column":28}},"24":{"start":{"line":69,"column":8},"end":{"line":69,"column":63}}},"branchMap":{"1":{"line":20,"type":"if","locations":[{"start":{"line":20,"column":8},"end":{"line":20,"column":8}},{"start":{"line":20,"column":8},"end":{"line":20,"column":8}}]},"2":{"line":29,"type":"if","locations":[{"start":{"line":29,"column":8},"end":{"line":29,"column":8}},{"start":{"line":29,"column":8},"end":{"line":29,"column":8}}]},"3":{"line":30,"type":"if","locations":[{"start":{"line":30,"column":8},"end":{"line":30,"column":8}},{"start":{"line":30,"column":8},"end":{"line":30,"column":8}}]},"4":{"line":43,"type":"if","locations":[{"start":{"line":43,"column":8},"end":{"line":43,"column":8}},{"start":{"line":43,"column":8},"end":{"line":43,"column":8}}]},"5":{"line":50,"type":"if","locations":[{"start":{"line":50,"column":8},"end":{"line":50,"column":8}},{"start":{"line":50,"column":8},"end":{"line":50,"column":8}}]}}},"contracts/Registries/DomainNamesRegistry.sol":{"l":{"12":20,"13":14,"17":20,"18":20,"19":1,"21":19,"22":19,"23":19,"24":197,"32":4,"34":193,"35":193,"37":15},"path":"/Users/h0tmilk/Documents/ApeGuard/contracts/Registries/DomainNamesRegistry.sol","s":{"1":20,"2":14,"3":20,"4":20,"5":1,"6":19,"7":19,"8":19,"9":197,"10":4,"11":193,"12":15,"13":193,"14":15},"b":{"1":[14,6],"2":[1,19],"3":[4,193],"4":[15,178]},"f":{"1":18,"2":20,"3":20},"fnMap":{"1":{"name":"constructor","line":9,"loc":{"start":{"line":9,"column":4},"end":{"line":9,"column":69}}},"2":{"name":"add","line":11,"loc":{"start":{"line":11,"column":4},"end":{"line":14,"column":4}}},"3":{"name":"_isValidDomainName","line":16,"loc":{"start":{"line":16,"column":4},"end":{"line":38,"column":4}}}},"statementMap":{"1":{"start":{"line":12,"column":8},"end":{"line":12,"column":66}},"2":{"start":{"line":13,"column":8},"end":{"line":13,"column":25}},"3":{"start":{"line":17,"column":8},"end":{"line":17,"column":52}},"4":{"start":{"line":18,"column":8},"end":{"line":18,"column":590}},"5":{"start":{"line":19,"column":12},"end":{"line":19,"column":24}},"6":{"start":{"line":21,"column":8},"end":{"line":21,"column":26}},"7":{"start":{"line":22,"column":8},"end":{"line":22,"column":34}},"8":{"start":{"line":23,"column":8},"end":{"line":23,"column":727}},"9":{"start":{"line":24,"column":12},"end":{"line":24,"column":789}},"10":{"start":{"line":32,"column":16},"end":{"line":32,"column":28}},"11":{"start":{"line":34,"column":12},"end":{"line":34,"column":67}},"12":{"start":{"line":34,"column":45},"end":{"line":34,"column":64}},"13":{"start":{"line":35,"column":12},"end":{"line":35,"column":42}},"14":{"start":{"line":37,"column":8},"end":{"line":37,"column":28}}},"branchMap":{"1":{"line":12,"type":"if","locations":[{"start":{"line":12,"column":8},"end":{"line":12,"column":8}},{"start":{"line":12,"column":8},"end":{"line":12,"column":8}}]},"2":{"line":18,"type":"if","locations":[{"start":{"line":18,"column":8},"end":{"line":18,"column":8}},{"start":{"line":18,"column":8},"end":{"line":18,"column":8}}]},"3":{"line":24,"type":"if","locations":[{"start":{"line":24,"column":12},"end":{"line":24,"column":12}},{"start":{"line":24,"column":12},"end":{"line":24,"column":12}}]},"4":{"line":34,"type":"if","locations":[{"start":{"line":34,"column":12},"end":{"line":34,"column":12}},{"start":{"line":34,"column":12},"end":{"line":34,"column":12}}]}}},"contracts/Registries/StringsRegistry.sol":{"l":{"19":72,"23":48,"24":48,"25":48,"27":47,"28":47,"29":47,"33":5,"34":5,"35":5,"36":4,"37":4,"40":4,"41":4,"42":4,"43":4,"44":4,"45":4,"49":8,"51":8,"55":8,"56":8,"58":8,"62":13,"66":41,"67":41,"71":87,"75":12,"79":243,"83":15,"84":15,"88":243,"89":243,"90":243,"92":1666,"94":527,"96":1139,"99":243},"path":"/Users/h0tmilk/Documents/ApeGuard/contracts/Registries/StringsRegistry.sol","s":{"1":72,"2":48,"3":48,"4":48,"5":47,"6":47,"7":47,"8":5,"9":5,"10":5,"11":4,"12":4,"13":4,"14":4,"15":4,"16":4,"17":4,"18":8,"19":8,"20":8,"21":8,"22":8,"23":13,"24":41,"25":41,"26":87,"27":12,"28":243,"29":15,"30":15,"31":243,"32":243,"33":243,"34":1666,"35":527,"36":1139,"37":243},"b":{"1":[47,1],"2":[4,1],"3":[4,0],"4":[8,0],"5":[8,0],"6":[527,1139]},"f":{"1":72,"2":48,"3":5,"4":8,"5":8,"6":13,"7":41,"8":87,"9":12,"10":243,"11":15,"12":243},"fnMap":{"1":{"name":"constructor","line":18,"loc":{"start":{"line":18,"column":4},"end":{"line":20,"column":4}}},"2":{"name":"add","line":22,"loc":{"start":{"line":22,"column":4},"end":{"line":30,"column":4}}},"3":{"name":"remove","line":32,"loc":{"start":{"line":32,"column":4},"end":{"line":46,"column":4}}},"4":{"name":"getByIndex","line":48,"loc":{"start":{"line":48,"column":4},"end":{"line":52,"column":4}}},"5":{"name":"getStringId","line":54,"loc":{"start":{"line":54,"column":4},"end":{"line":59,"column":4}}},"6":{"name":"size","line":61,"loc":{"start":{"line":61,"column":4},"end":{"line":63,"column":4}}},"7":{"name":"contains","line":65,"loc":{"start":{"line":65,"column":4},"end":{"line":68,"column":4}}},"8":{"name":"_contains","line":70,"loc":{"start":{"line":70,"column":4},"end":{"line":72,"column":4}}},"9":{"name":"_isInRange","line":74,"loc":{"start":{"line":74,"column":4},"end":{"line":76,"column":4}}},"10":{"name":"stringToBytes","line":78,"loc":{"start":{"line":78,"column":4},"end":{"line":80,"column":4}}},"11":{"name":"bytesToStringName","line":82,"loc":{"start":{"line":82,"column":4},"end":{"line":85,"column":4}}},"12":{"name":"_toLowerCase","line":87,"loc":{"start":{"line":87,"column":4},"end":{"line":100,"column":4}}}},"statementMap":{"1":{"start":{"line":19,"column":8},"end":{"line":19,"column":35}},"2":{"start":{"line":23,"column":8},"end":{"line":23,"column":44}},"3":{"start":{"line":24,"column":8},"end":{"line":24,"column":46}},"4":{"start":{"line":25,"column":8},"end":{"line":25,"column":95}},"5":{"start":{"line":27,"column":8},"end":{"line":27,"column":28}},"6":{"start":{"line":28,"column":8},"end":{"line":28,"column":43}},"7":{"start":{"line":29,"column":8},"end":{"line":29,"column":35}},"8":{"start":{"line":33,"column":8},"end":{"line":33,"column":44}},"9":{"start":{"line":34,"column":8},"end":{"line":34,"column":46}},"10":{"start":{"line":35,"column":8},"end":{"line":35,"column":84}},"11":{"start":{"line":36,"column":8},"end":{"line":36,"column":65}},"12":{"start":{"line":37,"column":8},"end":{"line":37,"column":46}},"13":{"start":{"line":40,"column":8},"end":{"line":40,"column":55}},"14":{"start":{"line":41,"column":8},"end":{"line":41,"column":68}},"15":{"start":{"line":42,"column":8},"end":{"line":42,"column":66}},"16":{"start":{"line":43,"column":8},"end":{"line":43,"column":66}},"17":{"start":{"line":44,"column":8},"end":{"line":44,"column":24}},"18":{"start":{"line":49,"column":8},"end":{"line":49,"column":60}},"19":{"start":{"line":51,"column":8},"end":{"line":51,"column":59}},"20":{"start":{"line":55,"column":8},"end":{"line":55,"column":65}},"21":{"start":{"line":56,"column":8},"end":{"line":56,"column":84}},"22":{"start":{"line":58,"column":8},"end":{"line":58,"column":26}},"23":{"start":{"line":62,"column":8},"end":{"line":62,"column":33}},"24":{"start":{"line":66,"column":8},"end":{"line":66,"column":65}},"25":{"start":{"line":67,"column":8},"end":{"line":67,"column":31}},"26":{"start":{"line":71,"column":8},"end":{"line":71,"column":53}},"27":{"start":{"line":75,"column":8},"end":{"line":75,"column":61}},"28":{"start":{"line":79,"column":8},"end":{"line":79,"column":54}},"29":{"start":{"line":83,"column":8},"end":{"line":83,"column":55}},"30":{"start":{"line":84,"column":8},"end":{"line":84,"column":33}},"31":{"start":{"line":88,"column":8},"end":{"line":88,"column":38}},"32":{"start":{"line":89,"column":8},"end":{"line":89,"column":52}},"33":{"start":{"line":90,"column":8},"end":{"line":90,"column":3272}},"34":{"start":{"line":92,"column":12},"end":{"line":92,"column":3367}},"35":{"start":{"line":94,"column":16},"end":{"line":94,"column":54}},"36":{"start":{"line":96,"column":16},"end":{"line":96,"column":34}},"37":{"start":{"line":99,"column":8},"end":{"line":99,"column":29}}},"branchMap":{"1":{"line":25,"type":"if","locations":[{"start":{"line":25,"column":8},"end":{"line":25,"column":8}},{"start":{"line":25,"column":8},"end":{"line":25,"column":8}}]},"2":{"line":35,"type":"if","locations":[{"start":{"line":35,"column":8},"end":{"line":35,"column":8}},{"start":{"line":35,"column":8},"end":{"line":35,"column":8}}]},"3":{"line":36,"type":"if","locations":[{"start":{"line":36,"column":8},"end":{"line":36,"column":8}},{"start":{"line":36,"column":8},"end":{"line":36,"column":8}}]},"4":{"line":49,"type":"if","locations":[{"start":{"line":49,"column":8},"end":{"line":49,"column":8}},{"start":{"line":49,"column":8},"end":{"line":49,"column":8}}]},"5":{"line":56,"type":"if","locations":[{"start":{"line":56,"column":8},"end":{"line":56,"column":8}},{"start":{"line":56,"column":8},"end":{"line":56,"column":8}}]},"6":{"line":92,"type":"if","locations":[{"start":{"line":92,"column":12},"end":{"line":92,"column":12}},{"start":{"line":92,"column":12},"end":{"line":92,"column":12}}]}}},"contracts/Relations/ProtocolsAddresses.sol":{"l":{"14":9,"21":8,"28":2,"36":11,"44":6,"52":7,"60":7,"68":5,"76":7},"path":"/Users/h0tmilk/Documents/ApeGuard/contracts/Relations/ProtocolsAddresses.sol","s":{"1":9,"2":8,"3":2,"4":11,"5":6,"6":7,"7":7,"8":5,"9":7},"b":{},"f":{"1":9,"2":8,"3":2,"4":11,"5":6,"6":7,"7":7,"8":5,"9":7},"fnMap":{"1":{"name":"constructor","line":13,"loc":{"start":{"line":13,"column":4},"end":{"line":15,"column":4}}},"2":{"name":"addAddress","line":19,"loc":{"start":{"line":17,"column":4},"end":{"line":22,"column":4}}},"3":{"name":"removeAddress","line":26,"loc":{"start":{"line":24,"column":4},"end":{"line":29,"column":4}}},"4":{"name":"owns","line":31,"loc":{"start":{"line":31,"column":4},"end":{"line":37,"column":4}}},"5":{"name":"protocolsAddressesCount","line":39,"loc":{"start":{"line":39,"column":4},"end":{"line":45,"column":4}}},"6":{"name":"ownersCount","line":47,"loc":{"start":{"line":47,"column":4},"end":{"line":53,"column":4}}},"7":{"name":"getOwnerProtocolById","line":55,"loc":{"start":{"line":55,"column":4},"end":{"line":61,"column":4}}},"8":{"name":"addressesCount","line":63,"loc":{"start":{"line":63,"column":4},"end":{"line":69,"column":4}}},"9":{"name":"getAddressById","line":71,"loc":{"start":{"line":71,"column":4},"end":{"line":77,"column":4}}}},"statementMap":{"1":{"start":{"line":14,"column":8},"end":{"line":14,"column":110}},"2":{"start":{"line":21,"column":8},"end":{"line":21,"column":60}},"3":{"start":{"line":28,"column":8},"end":{"line":28,"column":62}},"4":{"start":{"line":36,"column":8},"end":{"line":36,"column":65}},"5":{"start":{"line":44,"column":8},"end":{"line":44,"column":52}},"6":{"start":{"line":52,"column":8},"end":{"line":52,"column":63}},"7":{"start":{"line":60,"column":8},"end":{"line":60,"column":68}},"8":{"start":{"line":68,"column":8},"end":{"line":68,"column":70}},"9":{"start":{"line":76,"column":8},"end":{"line":76,"column":79}}},"branchMap":{}},"contracts/Relations/ProtocolsDomainNames.sol":{"l":{"14":9,"21":8,"28":2,"36":11,"44":6,"52":5,"60":7,"68":7,"76":7},"path":"/Users/h0tmilk/Documents/ApeGuard/contracts/Relations/ProtocolsDomainNames.sol","s":{"1":9,"2":8,"3":2,"4":11,"5":6,"6":5,"7":7,"8":7,"9":7},"b":{},"f":{"1":9,"2":8,"3":2,"4":11,"5":6,"6":5,"7":7,"8":7,"9":7},"fnMap":{"1":{"name":"constructor","line":13,"loc":{"start":{"line":13,"column":4},"end":{"line":15,"column":4}}},"2":{"name":"addDomainName","line":19,"loc":{"start":{"line":17,"column":4},"end":{"line":22,"column":4}}},"3":{"name":"removeDomainName","line":26,"loc":{"start":{"line":24,"column":4},"end":{"line":29,"column":4}}},"4":{"name":"owns","line":31,"loc":{"start":{"line":31,"column":4},"end":{"line":37,"column":4}}},"5":{"name":"getLinksTotalCount","line":39,"loc":{"start":{"line":39,"column":4},"end":{"line":45,"column":4}}},"6":{"name":"getDomainNamesCount","line":47,"loc":{"start":{"line":47,"column":4},"end":{"line":53,"column":4}}},"7":{"name":"getDomainNameByIndex","line":55,"loc":{"start":{"line":55,"column":4},"end":{"line":61,"column":4}}},"8":{"name":"ownersCount","line":63,"loc":{"start":{"line":63,"column":4},"end":{"line":69,"column":4}}},"9":{"name":"getOwnerProtocolByIndex","line":71,"loc":{"start":{"line":71,"column":4},"end":{"line":77,"column":4}}}},"statementMap":{"1":{"start":{"line":14,"column":8},"end":{"line":14,"column":91}},"2":{"start":{"line":21,"column":8},"end":{"line":21,"column":62}},"3":{"start":{"line":28,"column":8},"end":{"line":28,"column":65}},"4":{"start":{"line":36,"column":8},"end":{"line":36,"column":68}},"5":{"start":{"line":44,"column":8},"end":{"line":44,"column":52}},"6":{"start":{"line":52,"column":8},"end":{"line":52,"column":78}},"7":{"start":{"line":60,"column":8},"end":{"line":60,"column":87}},"8":{"start":{"line":68,"column":8},"end":{"line":68,"column":76}},"9":{"start":{"line":76,"column":8},"end":{"line":76,"column":85}}},"branchMap":{}},"contracts/Relations/TypeRelations/AddressesToStringsLink.sol":{"l":{"27":9,"28":9,"35":8,"36":8,"37":8,"39":8,"40":8,"42":8,"43":8,"44":8,"45":8,"46":8,"47":8,"48":8,"49":8,"50":8,"52":8,"59":2,"60":2,"63":2,"64":2,"66":2,"69":2,"70":2,"71":2,"72":2,"75":2,"76":2,"77":2,"78":2,"81":2,"82":2,"83":2,"84":2,"87":2,"90":2,"93":2,"94":1,"103":21,"104":21,"112":6,"120":16,"128":7,"129":5,"130":5,"132":5,"133":5,"141":5,"142":5,"150":7,"151":7,"153":5,"154":5,"156":5,"157":5,"165":7,"173":31},"path":"/Users/h0tmilk/Documents/ApeGuard/contracts/Relations/TypeRelations/AddressesToStringsLink.sol","s":{"1":9,"2":9,"3":8,"4":8,"5":8,"6":8,"7":8,"8":8,"9":8,"10":8,"11":8,"12":8,"13":8,"14":8,"15":8,"16":8,"17":8,"18":2,"19":2,"20":2,"21":2,"22":2,"23":2,"24":2,"25":2,"26":2,"27":2,"28":2,"29":2,"30":2,"31":2,"32":2,"33":2,"34":2,"35":2,"36":1,"37":21,"38":21,"39":6,"40":16,"41":7,"42":5,"43":5,"44":5,"45":5,"46":5,"47":5,"48":7,"49":7,"50":5,"51":5,"52":5,"53":5,"54":7,"55":31},"b":{"1":[8,0],"2":[8,0],"3":[8,0],"4":[2,0],"5":[2,0],"6":[1,1],"7":[5,2],"8":[5,0],"9":[5,2],"10":[5,0]},"f":{"1":9,"2":8,"3":2,"4":21,"5":6,"6":16,"7":7,"8":5,"9":7,"10":7,"11":31},"fnMap":{"1":{"name":"constructor","line":26,"loc":{"start":{"line":26,"column":4},"end":{"line":29,"column":4}}},"2":{"name":"linkAddress","line":33,"loc":{"start":{"line":31,"column":4},"end":{"line":53,"column":4}}},"3":{"name":"unlinkAddress","line":57,"loc":{"start":{"line":55,"column":4},"end":{"line":96,"column":4}}},"4":{"name":"isLinked","line":98,"loc":{"start":{"line":98,"column":4},"end":{"line":105,"column":4}}},"5":{"name":"getLinksTotalCount","line":107,"loc":{"start":{"line":107,"column":4},"end":{"line":113,"column":4}}},"6":{"name":"getLinkedStringsCount","line":115,"loc":{"start":{"line":115,"column":4},"end":{"line":121,"column":4}}},"7":{"name":"getLinkedStringById","line":123,"loc":{"start":{"line":123,"column":4},"end":{"line":134,"column":4}}},"8":{"name":"getLinkedAddressesCount","line":136,"loc":{"start":{"line":136,"column":4},"end":{"line":143,"column":4}}},"9":{"name":"getLinkedAddressById","line":145,"loc":{"start":{"line":145,"column":4},"end":{"line":158,"column":4}}},"10":{"name":"_getLinkedAddressesCount","line":160,"loc":{"start":{"line":160,"column":4},"end":{"line":166,"column":4}}},"11":{"name":"_isLinked","line":168,"loc":{"start":{"line":168,"column":4},"end":{"line":174,"column":4}}}},"statementMap":{"1":{"start":{"line":27,"column":8},"end":{"line":27,"column":52}},"2":{"start":{"line":28,"column":8},"end":{"line":28,"column":48}},"3":{"start":{"line":35,"column":8},"end":{"line":35,"column":74}},"4":{"start":{"line":36,"column":8},"end":{"line":36,"column":78}},"5":{"start":{"line":37,"column":8},"end":{"line":37,"column":72}},"6":{"start":{"line":39,"column":8},"end":{"line":39,"column":65}},"7":{"start":{"line":40,"column":8},"end":{"line":40,"column":69}},"8":{"start":{"line":42,"column":8},"end":{"line":42,"column":56}},"9":{"start":{"line":43,"column":8},"end":{"line":43,"column":37}},"10":{"start":{"line":44,"column":8},"end":{"line":44,"column":32}},"11":{"start":{"line":45,"column":8},"end":{"line":45,"column":29}},"12":{"start":{"line":46,"column":8},"end":{"line":46,"column":52}},"13":{"start":{"line":47,"column":8},"end":{"line":47,"column":49}},"14":{"start":{"line":48,"column":8},"end":{"line":48,"column":79}},"15":{"start":{"line":49,"column":8},"end":{"line":49,"column":49}},"16":{"start":{"line":50,"column":8},"end":{"line":50,"column":79}},"17":{"start":{"line":52,"column":8},"end":{"line":52,"column":51}},"18":{"start":{"line":59,"column":8},"end":{"line":59,"column":74}},"19":{"start":{"line":60,"column":8},"end":{"line":60,"column":67}},"20":{"start":{"line":63,"column":8},"end":{"line":63,"column":65}},"21":{"start":{"line":64,"column":8},"end":{"line":64,"column":60}},"22":{"start":{"line":66,"column":8},"end":{"line":66,"column":56}},"23":{"start":{"line":69,"column":8},"end":{"line":69,"column":69}},"24":{"start":{"line":70,"column":8},"end":{"line":70,"column":66}},"25":{"start":{"line":71,"column":8},"end":{"line":71,"column":56}},"26":{"start":{"line":72,"column":8},"end":{"line":72,"column":25}},"27":{"start":{"line":75,"column":8},"end":{"line":75,"column":100}},"28":{"start":{"line":76,"column":8},"end":{"line":76,"column":80}},"29":{"start":{"line":77,"column":8},"end":{"line":77,"column":83}},"30":{"start":{"line":78,"column":8},"end":{"line":78,"column":45}},"31":{"start":{"line":81,"column":8},"end":{"line":81,"column":100}},"32":{"start":{"line":82,"column":8},"end":{"line":82,"column":80}},"33":{"start":{"line":83,"column":8},"end":{"line":83,"column":83}},"34":{"start":{"line":84,"column":8},"end":{"line":84,"column":45}},"35":{"start":{"line":93,"column":8},"end":{"line":93,"column":4030}},"36":{"start":{"line":94,"column":12},"end":{"line":94,"column":45}},"37":{"start":{"line":103,"column":8},"end":{"line":103,"column":65}},"38":{"start":{"line":104,"column":8},"end":{"line":104,"column":64}},"39":{"start":{"line":112,"column":8},"end":{"line":112,"column":34}},"40":{"start":{"line":120,"column":8},"end":{"line":120,"column":54}},"41":{"start":{"line":128,"column":8},"end":{"line":128,"column":92}},"42":{"start":{"line":129,"column":8},"end":{"line":129,"column":61}},"43":{"start":{"line":130,"column":8},"end":{"line":130,"column":62}},"44":{"start":{"line":132,"column":8},"end":{"line":132,"column":56}},"45":{"start":{"line":133,"column":8},"end":{"line":133,"column":64}},"46":{"start":{"line":141,"column":8},"end":{"line":141,"column":65}},"47":{"start":{"line":142,"column":8},"end":{"line":142,"column":54}},"48":{"start":{"line":150,"column":8},"end":{"line":150,"column":65}},"49":{"start":{"line":151,"column":8},"end":{"line":151,"column":95}},"50":{"start":{"line":153,"column":8},"end":{"line":153,"column":61}},"51":{"start":{"line":154,"column":8},"end":{"line":154,"column":62}},"52":{"start":{"line":156,"column":8},"end":{"line":156,"column":56}},"53":{"start":{"line":157,"column":8},"end":{"line":157,"column":34}},"54":{"start":{"line":165,"column":9},"end":{"line":165,"column":56}},"55":{"start":{"line":173,"column":8},"end":{"line":173,"column":23}}},"branchMap":{"1":{"line":35,"type":"if","locations":[{"start":{"line":35,"column":8},"end":{"line":35,"column":8}},{"start":{"line":35,"column":8},"end":{"line":35,"column":8}}]},"2":{"line":36,"type":"if","locations":[{"start":{"line":36,"column":8},"end":{"line":36,"column":8}},{"start":{"line":36,"column":8},"end":{"line":36,"column":8}}]},"3":{"line":37,"type":"if","locations":[{"start":{"line":37,"column":8},"end":{"line":37,"column":8}},{"start":{"line":37,"column":8},"end":{"line":37,"column":8}}]},"4":{"line":59,"type":"if","locations":[{"start":{"line":59,"column":8},"end":{"line":59,"column":8}},{"start":{"line":59,"column":8},"end":{"line":59,"column":8}}]},"5":{"line":60,"type":"if","locations":[{"start":{"line":60,"column":8},"end":{"line":60,"column":8}},{"start":{"line":60,"column":8},"end":{"line":60,"column":8}}]},"6":{"line":93,"type":"if","locations":[{"start":{"line":93,"column":8},"end":{"line":93,"column":8}},{"start":{"line":93,"column":8},"end":{"line":93,"column":8}}]},"7":{"line":128,"type":"if","locations":[{"start":{"line":128,"column":8},"end":{"line":128,"column":8}},{"start":{"line":128,"column":8},"end":{"line":128,"column":8}}]},"8":{"line":130,"type":"if","locations":[{"start":{"line":130,"column":8},"end":{"line":130,"column":8}},{"start":{"line":130,"column":8},"end":{"line":130,"column":8}}]},"9":{"line":151,"type":"if","locations":[{"start":{"line":151,"column":8},"end":{"line":151,"column":8}},{"start":{"line":151,"column":8},"end":{"line":151,"column":8}}]},"10":{"line":154,"type":"if","locations":[{"start":{"line":154,"column":8},"end":{"line":154,"column":8}},{"start":{"line":154,"column":8},"end":{"line":154,"column":8}}]}}},"contracts/Relations/TypeRelations/StringsToStringsLink.sol":{"l":{"26":9,"27":9,"34":8,"36":8,"38":8,"39":8,"40":8,"42":8,"43":8,"44":8,"45":8,"46":8,"47":8,"48":8,"49":8,"50":8,"52":8,"59":2,"61":2,"63":2,"64":2,"65":2,"67":2,"70":2,"71":2,"72":2,"73":2,"76":2,"77":2,"78":2,"79":2,"82":2,"83":2,"84":2,"85":2,"88":2,"91":2,"99":21,"100":21,"101":21,"109":6,"117":12,"118":12,"126":7,"127":5,"128":5,"129":5,"131":5,"132":5,"140":14,"141":14,"149":7,"150":5,"151":5,"152":5,"154":5,"155":5,"163":31},"path":"/Users/h0tmilk/Documents/ApeGuard/contracts/Relations/TypeRelations/StringsToStringsLink.sol","s":{"1":9,"2":9,"3":8,"4":8,"5":8,"6":8,"7":8,"8":8,"9":8,"10":8,"11":8,"12":8,"13":8,"14":8,"15":8,"16":8,"17":8,"18":2,"19":2,"20":2,"21":2,"22":2,"23":2,"24":2,"25":2,"26":2,"27":2,"28":2,"29":2,"30":2,"31":2,"32":2,"33":2,"34":2,"35":2,"36":21,"37":21,"38":21,"39":6,"40":12,"41":12,"42":7,"43":5,"44":5,"45":5,"46":5,"47":5,"48":14,"49":14,"50":7,"51":5,"52":5,"53":5,"54":5,"55":5,"56":31},"b":{"1":[8,0],"2":[8,0],"3":[2,0],"4":[2,0],"5":[5,2],"6":[5,0],"7":[5,2],"8":[5,0]},"f":{"1":9,"2":8,"3":2,"4":21,"5":6,"6":12,"7":7,"8":14,"9":7,"10":31},"fnMap":{"1":{"name":"constructor","line":25,"loc":{"start":{"line":25,"column":4},"end":{"line":28,"column":4}}},"2":{"name":"linkString","line":32,"loc":{"start":{"line":30,"column":4},"end":{"line":53,"column":4}}},"3":{"name":"unlinkStrings","line":57,"loc":{"start":{"line":55,"column":4},"end":{"line":92,"column":4}}},"4":{"name":"isLinked","line":94,"loc":{"start":{"line":94,"column":4},"end":{"line":102,"column":4}}},"5":{"name":"getLinksTotalCount","line":104,"loc":{"start":{"line":104,"column":4},"end":{"line":110,"column":4}}},"6":{"name":"getStringR1LinkedStringsR2Count","line":112,"loc":{"start":{"line":112,"column":4},"end":{"line":119,"column":4}}},"7":{"name":"getStringR1LinkedStringsR2ByIndex","line":121,"loc":{"start":{"line":121,"column":4},"end":{"line":133,"column":4}}},"8":{"name":"getStringR2LinkedStringsR1Count","line":135,"loc":{"start":{"line":135,"column":4},"end":{"line":142,"column":4}}},"9":{"name":"getStringR2LinkedStringsR1ByIndex","line":144,"loc":{"start":{"line":144,"column":4},"end":{"line":156,"column":4}}},"10":{"name":"_isLinked","line":158,"loc":{"start":{"line":158,"column":4},"end":{"line":164,"column":4}}}},"statementMap":{"1":{"start":{"line":26,"column":8},"end":{"line":26,"column":50}},"2":{"start":{"line":27,"column":8},"end":{"line":27,"column":50}},"3":{"start":{"line":34,"column":8},"end":{"line":34,"column":1379}},"4":{"start":{"line":36,"column":8},"end":{"line":36,"column":101}},"5":{"start":{"line":38,"column":8},"end":{"line":38,"column":85}},"6":{"start":{"line":39,"column":8},"end":{"line":39,"column":85}},"7":{"start":{"line":40,"column":8},"end":{"line":40,"column":81}},"8":{"start":{"line":42,"column":8},"end":{"line":42,"column":54}},"9":{"start":{"line":43,"column":8},"end":{"line":43,"column":44}},"10":{"start":{"line":44,"column":8},"end":{"line":44,"column":44}},"11":{"start":{"line":45,"column":8},"end":{"line":45,"column":29}},"12":{"start":{"line":46,"column":8},"end":{"line":46,"column":52}},"13":{"start":{"line":47,"column":8},"end":{"line":47,"column":51}},"14":{"start":{"line":48,"column":8},"end":{"line":48,"column":84}},"15":{"start":{"line":49,"column":8},"end":{"line":49,"column":51}},"16":{"start":{"line":50,"column":8},"end":{"line":50,"column":84}},"17":{"start":{"line":52,"column":8},"end":{"line":52,"column":61}},"18":{"start":{"line":59,"column":8},"end":{"line":59,"column":2737}},"19":{"start":{"line":61,"column":8},"end":{"line":61,"column":92}},"20":{"start":{"line":63,"column":8},"end":{"line":63,"column":85}},"21":{"start":{"line":64,"column":8},"end":{"line":64,"column":85}},"22":{"start":{"line":65,"column":8},"end":{"line":65,"column":81}},"23":{"start":{"line":67,"column":8},"end":{"line":67,"column":54}},"24":{"start":{"line":70,"column":8},"end":{"line":70,"column":69}},"25":{"start":{"line":71,"column":8},"end":{"line":71,"column":66}},"26":{"start":{"line":72,"column":8},"end":{"line":72,"column":56}},"27":{"start":{"line":73,"column":8},"end":{"line":73,"column":25}},"28":{"start":{"line":76,"column":8},"end":{"line":76,"column":104}},"29":{"start":{"line":77,"column":8},"end":{"line":77,"column":86}},"30":{"start":{"line":78,"column":8},"end":{"line":78,"column":88}},"31":{"start":{"line":79,"column":8},"end":{"line":79,"column":47}},"32":{"start":{"line":82,"column":8},"end":{"line":82,"column":104}},"33":{"start":{"line":83,"column":8},"end":{"line":83,"column":86}},"34":{"start":{"line":84,"column":8},"end":{"line":84,"column":88}},"35":{"start":{"line":85,"column":8},"end":{"line":85,"column":47}},"36":{"start":{"line":99,"column":8},"end":{"line":99,"column":85}},"37":{"start":{"line":100,"column":8},"end":{"line":100,"column":85}},"38":{"start":{"line":101,"column":8},"end":{"line":101,"column":74}},"39":{"start":{"line":109,"column":8},"end":{"line":109,"column":34}},"40":{"start":{"line":117,"column":8},"end":{"line":117,"column":85}},"41":{"start":{"line":118,"column":8},"end":{"line":118,"column":56}},"42":{"start":{"line":126,"column":8},"end":{"line":126,"column":114}},"43":{"start":{"line":127,"column":8},"end":{"line":127,"column":85}},"44":{"start":{"line":128,"column":8},"end":{"line":128,"column":63}},"45":{"start":{"line":129,"column":8},"end":{"line":129,"column":62}},"46":{"start":{"line":131,"column":8},"end":{"line":131,"column":54}},"47":{"start":{"line":132,"column":8},"end":{"line":132,"column":71}},"48":{"start":{"line":140,"column":8},"end":{"line":140,"column":85}},"49":{"start":{"line":141,"column":8},"end":{"line":141,"column":56}},"50":{"start":{"line":149,"column":8},"end":{"line":149,"column":114}},"51":{"start":{"line":150,"column":8},"end":{"line":150,"column":85}},"52":{"start":{"line":151,"column":8},"end":{"line":151,"column":63}},"53":{"start":{"line":152,"column":8},"end":{"line":152,"column":62}},"54":{"start":{"line":154,"column":8},"end":{"line":154,"column":54}},"55":{"start":{"line":155,"column":8},"end":{"line":155,"column":71}},"56":{"start":{"line":163,"column":8},"end":{"line":163,"column":23}}},"branchMap":{"1":{"line":34,"type":"if","locations":[{"start":{"line":34,"column":8},"end":{"line":34,"column":8}},{"start":{"line":34,"column":8},"end":{"line":34,"column":8}}]},"2":{"line":36,"type":"if","locations":[{"start":{"line":36,"column":8},"end":{"line":36,"column":8}},{"start":{"line":36,"column":8},"end":{"line":36,"column":8}}]},"3":{"line":59,"type":"if","locations":[{"start":{"line":59,"column":8},"end":{"line":59,"column":8}},{"start":{"line":59,"column":8},"end":{"line":59,"column":8}}]},"4":{"line":61,"type":"if","locations":[{"start":{"line":61,"column":8},"end":{"line":61,"column":8}},{"start":{"line":61,"column":8},"end":{"line":61,"column":8}}]},"5":{"line":126,"type":"if","locations":[{"start":{"line":126,"column":8},"end":{"line":126,"column":8}},{"start":{"line":126,"column":8},"end":{"line":126,"column":8}}]},"6":{"line":129,"type":"if","locations":[{"start":{"line":129,"column":8},"end":{"line":129,"column":8}},{"start":{"line":129,"column":8},"end":{"line":129,"column":8}}]},"7":{"line":149,"type":"if","locations":[{"start":{"line":149,"column":8},"end":{"line":149,"column":8}},{"start":{"line":149,"column":8},"end":{"line":149,"column":8}}]},"8":{"line":152,"type":"if","locations":[{"start":{"line":152,"column":8},"end":{"line":152,"column":8}},{"start":{"line":152,"column":8},"end":{"line":152,"column":8}}]}}},"contracts/Token/ApeGuardToken.sol":{"l":{"10":3,"19":6,"26":3,"33":0},"path":"/Users/h0tmilk/Documents/ApeGuard/contracts/Token/ApeGuardToken.sol","s":{"1":3,"2":6,"3":3,"4":0},"b":{},"f":{"1":3,"2":6,"3":3,"4":0},"fnMap":{"1":{"name":"constructor","line":9,"loc":{"start":{"line":9,"column":4},"end":{"line":11,"column":4}}},"2":{"name":"_afterTokenTransfer","line":15,"loc":{"start":{"line":15,"column":4},"end":{"line":20,"column":4}}},"3":{"name":"_mint","line":22,"loc":{"start":{"line":22,"column":4},"end":{"line":27,"column":4}}},"4":{"name":"_burn","line":29,"loc":{"start":{"line":29,"column":4},"end":{"line":34,"column":4}}}},"statementMap":{"1":{"start":{"line":10,"column":8},"end":{"line":10,"column":39}},"2":{"start":{"line":19,"column":8},"end":{"line":19,"column":50}},"3":{"start":{"line":26,"column":8},"end":{"line":26,"column":30}},"4":{"start":{"line":33,"column":8},"end":{"line":33,"column":35}}},"branchMap":{}}}