{"contracts/AccessControl/AllowedAddresses.sol":{"l":{"8":102,"12":18,"16":0,"20":88,"21":82},"path":"/Users/h0tmilk/Documents/ApeGuard/contracts/AccessControl/AllowedAddresses.sol","s":{"1":102,"2":18,"3":0,"4":88},"b":{"1":[82,6]},"f":{"1":102,"2":18,"3":0,"4":88},"fnMap":{"1":{"name":"constructor","line":7,"loc":{"start":{"line":7,"column":4},"end":{"line":9,"column":4}}},"2":{"name":"allowAddress","line":11,"loc":{"start":{"line":11,"column":4},"end":{"line":13,"column":4}}},"3":{"name":"disallowAddress","line":15,"loc":{"start":{"line":15,"column":4},"end":{"line":17,"column":4}}},"4":{"name":"onlyAllowedSender","line":19,"loc":{"start":{"line":19,"column":4},"end":{"line":22,"column":4}}}},"statementMap":{"1":{"start":{"line":8,"column":8},"end":{"line":8,"column":42}},"2":{"start":{"line":12,"column":8},"end":{"line":12,"column":47}},"3":{"start":{"line":16,"column":8},"end":{"line":16,"column":48}},"4":{"start":{"line":20,"column":8},"end":{"line":20,"column":69}}},"branchMap":{"1":{"line":20,"type":"if","locations":[{"start":{"line":20,"column":8},"end":{"line":20,"column":8}},{"start":{"line":20,"column":8},"end":{"line":20,"column":8}}]}}},"contracts/ApeGuardGovernance.sol":{"l":{"28":0,"37":0,"46":0,"55":0,"63":0,"72":0,"79":0,"87":0,"96":0,"105":0},"path":"/Users/h0tmilk/Documents/ApeGuard/contracts/ApeGuardGovernance.sol","s":{"1":0,"2":0,"3":0,"4":0,"5":0,"6":0,"7":0,"8":0,"9":0,"10":0},"b":{},"f":{"1":0,"2":0,"3":0,"4":0,"5":0,"6":0,"7":0,"8":0,"9":0,"10":0,"11":0},"fnMap":{"1":{"name":"constructor","line":17,"loc":{"start":{"line":12,"column":4},"end":{"line":18,"column":5}}},"2":{"name":"votingDelay","line":22,"loc":{"start":{"line":22,"column":4},"end":{"line":29,"column":4}}},"3":{"name":"votingPeriod","line":31,"loc":{"start":{"line":31,"column":4},"end":{"line":38,"column":4}}},"4":{"name":"quorum","line":40,"loc":{"start":{"line":40,"column":4},"end":{"line":47,"column":4}}},"5":{"name":"state","line":49,"loc":{"start":{"line":49,"column":4},"end":{"line":56,"column":4}}},"6":{"name":"propose","line":58,"loc":{"start":{"line":58,"column":4},"end":{"line":64,"column":4}}},"7":{"name":"proposalThreshold","line":66,"loc":{"start":{"line":66,"column":4},"end":{"line":73,"column":4}}},"8":{"name":"_execute","line":75,"loc":{"start":{"line":75,"column":4},"end":{"line":80,"column":4}}},"9":{"name":"_cancel","line":82,"loc":{"start":{"line":82,"column":4},"end":{"line":88,"column":4}}},"10":{"name":"_executor","line":90,"loc":{"start":{"line":90,"column":4},"end":{"line":97,"column":4}}},"11":{"name":"supportsInterface","line":99,"loc":{"start":{"line":99,"column":4},"end":{"line":106,"column":4}}}},"statementMap":{"1":{"start":{"line":28,"column":8},"end":{"line":28,"column":34}},"2":{"start":{"line":37,"column":8},"end":{"line":37,"column":35}},"3":{"start":{"line":46,"column":8},"end":{"line":46,"column":40}},"4":{"start":{"line":55,"column":8},"end":{"line":55,"column":38}},"5":{"start":{"line":63,"column":8},"end":{"line":63,"column":69}},"6":{"start":{"line":72,"column":8},"end":{"line":72,"column":40}},"7":{"start":{"line":79,"column":8},"end":{"line":79,"column":78}},"8":{"start":{"line":87,"column":8},"end":{"line":87,"column":73}},"9":{"start":{"line":96,"column":8},"end":{"line":96,"column":32}},"10":{"start":{"line":105,"column":8},"end":{"line":105,"column":51}}},"branchMap":{}},"contracts/ApeGuardToken.sol":{"l":{"10":0,"19":0,"26":0,"33":0},"path":"/Users/h0tmilk/Documents/ApeGuard/contracts/ApeGuardToken.sol","s":{"1":0,"2":0,"3":0,"4":0},"b":{},"f":{"1":0,"2":0,"3":0,"4":0},"fnMap":{"1":{"name":"constructor","line":9,"loc":{"start":{"line":9,"column":4},"end":{"line":11,"column":4}}},"2":{"name":"_afterTokenTransfer","line":15,"loc":{"start":{"line":15,"column":4},"end":{"line":20,"column":4}}},"3":{"name":"_mint","line":22,"loc":{"start":{"line":22,"column":4},"end":{"line":27,"column":4}}},"4":{"name":"_burn","line":29,"loc":{"start":{"line":29,"column":4},"end":{"line":34,"column":4}}}},"statementMap":{"1":{"start":{"line":10,"column":8},"end":{"line":10,"column":39}},"2":{"start":{"line":19,"column":8},"end":{"line":19,"column":50}},"3":{"start":{"line":26,"column":8},"end":{"line":26,"column":30}},"4":{"start":{"line":33,"column":8},"end":{"line":33,"column":35}}},"branchMap":{}},"contracts/Registries/AddressesRegistry.sol":{"l":{"19":25,"20":25,"22":25,"23":25,"24":25,"28":6,"29":6,"30":5,"31":5,"34":5,"35":5,"36":5,"37":5,"38":5,"39":5,"43":8,"45":8,"49":8,"50":8,"52":8,"56":4,"60":13,"61":13,"65":52,"69":13},"path":"/Users/h0tmilk/Documents/ApeGuard/contracts/Registries/AddressesRegistry.sol","s":{"1":25,"2":25,"3":25,"4":25,"5":25,"6":6,"7":6,"8":5,"9":5,"10":5,"11":5,"12":5,"13":5,"14":5,"15":8,"16":8,"17":8,"18":8,"19":8,"20":4,"21":13,"22":13,"23":52,"24":13},"b":{"1":[25,0],"2":[5,1],"3":[5,0],"4":[8,0],"5":[8,0]},"f":{"1":33,"2":25,"3":6,"4":8,"5":8,"6":4,"7":13,"8":52,"9":13},"fnMap":{"1":{"name":"constructor","line":16,"loc":{"start":{"line":16,"column":4},"end":{"line":16,"column":38}}},"2":{"name":"add","line":18,"loc":{"start":{"line":18,"column":4},"end":{"line":25,"column":4}}},"3":{"name":"remove","line":27,"loc":{"start":{"line":27,"column":4},"end":{"line":40,"column":4}}},"4":{"name":"getByIndex","line":42,"loc":{"start":{"line":42,"column":4},"end":{"line":46,"column":4}}},"5":{"name":"getAddressId","line":48,"loc":{"start":{"line":48,"column":4},"end":{"line":53,"column":4}}},"6":{"name":"size","line":55,"loc":{"start":{"line":55,"column":4},"end":{"line":57,"column":4}}},"7":{"name":"contains","line":59,"loc":{"start":{"line":59,"column":4},"end":{"line":62,"column":4}}},"8":{"name":"_contains","line":64,"loc":{"start":{"line":64,"column":4},"end":{"line":66,"column":4}}},"9":{"name":"_isInRange","line":68,"loc":{"start":{"line":68,"column":4},"end":{"line":70,"column":4}}}},"statementMap":{"1":{"start":{"line":19,"column":8},"end":{"line":19,"column":54}},"2":{"start":{"line":20,"column":8},"end":{"line":20,"column":59}},"3":{"start":{"line":22,"column":8},"end":{"line":22,"column":35}},"4":{"start":{"line":23,"column":8},"end":{"line":23,"column":45}},"5":{"start":{"line":24,"column":8},"end":{"line":24,"column":26}},"6":{"start":{"line":28,"column":8},"end":{"line":28,"column":54}},"7":{"start":{"line":29,"column":8},"end":{"line":29,"column":66}},"8":{"start":{"line":30,"column":8},"end":{"line":30,"column":65}},"9":{"start":{"line":31,"column":8},"end":{"line":31,"column":46}},"10":{"start":{"line":34,"column":8},"end":{"line":34,"column":57}},"11":{"start":{"line":35,"column":8},"end":{"line":35,"column":64}},"12":{"start":{"line":36,"column":8},"end":{"line":36,"column":62}},"13":{"start":{"line":37,"column":8},"end":{"line":37,"column":70}},"14":{"start":{"line":38,"column":8},"end":{"line":38,"column":26}},"15":{"start":{"line":43,"column":8},"end":{"line":43,"column":60}},"16":{"start":{"line":45,"column":8},"end":{"line":45,"column":36}},"17":{"start":{"line":49,"column":8},"end":{"line":49,"column":54}},"18":{"start":{"line":50,"column":8},"end":{"line":50,"column":66}},"19":{"start":{"line":52,"column":8},"end":{"line":52,"column":42}},"20":{"start":{"line":56,"column":8},"end":{"line":56,"column":35}},"21":{"start":{"line":60,"column":8},"end":{"line":60,"column":54}},"22":{"start":{"line":61,"column":8},"end":{"line":61,"column":31}},"23":{"start":{"line":65,"column":8},"end":{"line":65,"column":28}},"24":{"start":{"line":69,"column":8},"end":{"line":69,"column":63}}},"branchMap":{"1":{"line":20,"type":"if","locations":[{"start":{"line":20,"column":8},"end":{"line":20,"column":8}},{"start":{"line":20,"column":8},"end":{"line":20,"column":8}}]},"2":{"line":29,"type":"if","locations":[{"start":{"line":29,"column":8},"end":{"line":29,"column":8}},{"start":{"line":29,"column":8},"end":{"line":29,"column":8}}]},"3":{"line":30,"type":"if","locations":[{"start":{"line":30,"column":8},"end":{"line":30,"column":8}},{"start":{"line":30,"column":8},"end":{"line":30,"column":8}}]},"4":{"line":43,"type":"if","locations":[{"start":{"line":43,"column":8},"end":{"line":43,"column":8}},{"start":{"line":43,"column":8},"end":{"line":43,"column":8}}]},"5":{"line":50,"type":"if","locations":[{"start":{"line":50,"column":8},"end":{"line":50,"column":8}},{"start":{"line":50,"column":8},"end":{"line":50,"column":8}}]}}},"contracts/Registries/DomainNamesRegistry.sol":{"l":{"12":8,"13":2,"17":8,"18":8,"19":1,"21":7,"22":7,"23":7,"24":68,"32":4,"34":64,"35":64,"37":3},"path":"/Users/h0tmilk/Documents/ApeGuard/contracts/Registries/DomainNamesRegistry.sol","s":{"1":8,"2":2,"3":8,"4":8,"5":1,"6":7,"7":7,"8":7,"9":68,"10":4,"11":64,"12":3,"13":64,"14":3},"b":{"1":[2,6],"2":[1,7],"3":[4,64],"4":[3,61]},"f":{"1":9,"2":8,"3":8},"fnMap":{"1":{"name":"constructor","line":9,"loc":{"start":{"line":9,"column":4},"end":{"line":9,"column":69}}},"2":{"name":"add","line":11,"loc":{"start":{"line":11,"column":4},"end":{"line":14,"column":4}}},"3":{"name":"_isValidDomainName","line":16,"loc":{"start":{"line":16,"column":4},"end":{"line":38,"column":4}}}},"statementMap":{"1":{"start":{"line":12,"column":8},"end":{"line":12,"column":66}},"2":{"start":{"line":13,"column":8},"end":{"line":13,"column":25}},"3":{"start":{"line":17,"column":8},"end":{"line":17,"column":52}},"4":{"start":{"line":18,"column":8},"end":{"line":18,"column":590}},"5":{"start":{"line":19,"column":12},"end":{"line":19,"column":24}},"6":{"start":{"line":21,"column":8},"end":{"line":21,"column":26}},"7":{"start":{"line":22,"column":8},"end":{"line":22,"column":34}},"8":{"start":{"line":23,"column":8},"end":{"line":23,"column":727}},"9":{"start":{"line":24,"column":12},"end":{"line":24,"column":789}},"10":{"start":{"line":32,"column":16},"end":{"line":32,"column":28}},"11":{"start":{"line":34,"column":12},"end":{"line":34,"column":67}},"12":{"start":{"line":34,"column":45},"end":{"line":34,"column":64}},"13":{"start":{"line":35,"column":12},"end":{"line":35,"column":42}},"14":{"start":{"line":37,"column":8},"end":{"line":37,"column":28}}},"branchMap":{"1":{"line":12,"type":"if","locations":[{"start":{"line":12,"column":8},"end":{"line":12,"column":8}},{"start":{"line":12,"column":8},"end":{"line":12,"column":8}}]},"2":{"line":18,"type":"if","locations":[{"start":{"line":18,"column":8},"end":{"line":18,"column":8}},{"start":{"line":18,"column":8},"end":{"line":18,"column":8}}]},"3":{"line":24,"type":"if","locations":[{"start":{"line":24,"column":12},"end":{"line":24,"column":12}},{"start":{"line":24,"column":12},"end":{"line":24,"column":12}}]},"4":{"line":34,"type":"if","locations":[{"start":{"line":34,"column":12},"end":{"line":34,"column":12}},{"start":{"line":34,"column":12},"end":{"line":34,"column":12}}]}}},"contracts/Registries/StringsRegistry.sol":{"l":{"19":51,"23":26,"24":26,"25":26,"27":25,"28":25,"29":25,"33":5,"34":5,"35":5,"36":4,"37":4,"40":4,"41":4,"42":4,"43":4,"44":4,"45":4,"49":8,"51":8,"55":8,"56":8,"58":8,"62":13,"66":19,"67":19,"71":43,"75":12,"79":101,"83":5,"84":5,"88":101,"89":101,"90":101,"92":551,"94":294,"96":257,"99":101},"path":"/Users/h0tmilk/Documents/ApeGuard/contracts/Registries/StringsRegistry.sol","s":{"1":51,"2":26,"3":26,"4":26,"5":25,"6":25,"7":25,"8":5,"9":5,"10":5,"11":4,"12":4,"13":4,"14":4,"15":4,"16":4,"17":4,"18":8,"19":8,"20":8,"21":8,"22":8,"23":13,"24":19,"25":19,"26":43,"27":12,"28":101,"29":5,"30":5,"31":101,"32":101,"33":101,"34":551,"35":294,"36":257,"37":101},"b":{"1":[25,1],"2":[4,1],"3":[4,0],"4":[8,0],"5":[8,0],"6":[294,257]},"f":{"1":51,"2":26,"3":5,"4":8,"5":8,"6":13,"7":19,"8":43,"9":12,"10":101,"11":5,"12":101},"fnMap":{"1":{"name":"constructor","line":18,"loc":{"start":{"line":18,"column":4},"end":{"line":20,"column":4}}},"2":{"name":"add","line":22,"loc":{"start":{"line":22,"column":4},"end":{"line":30,"column":4}}},"3":{"name":"remove","line":32,"loc":{"start":{"line":32,"column":4},"end":{"line":46,"column":4}}},"4":{"name":"getByIndex","line":48,"loc":{"start":{"line":48,"column":4},"end":{"line":52,"column":4}}},"5":{"name":"getStringId","line":54,"loc":{"start":{"line":54,"column":4},"end":{"line":59,"column":4}}},"6":{"name":"size","line":61,"loc":{"start":{"line":61,"column":4},"end":{"line":63,"column":4}}},"7":{"name":"contains","line":65,"loc":{"start":{"line":65,"column":4},"end":{"line":68,"column":4}}},"8":{"name":"_contains","line":70,"loc":{"start":{"line":70,"column":4},"end":{"line":72,"column":4}}},"9":{"name":"_isInRange","line":74,"loc":{"start":{"line":74,"column":4},"end":{"line":76,"column":4}}},"10":{"name":"stringToBytes","line":78,"loc":{"start":{"line":78,"column":4},"end":{"line":80,"column":4}}},"11":{"name":"bytesToStringName","line":82,"loc":{"start":{"line":82,"column":4},"end":{"line":85,"column":4}}},"12":{"name":"_toLowerCase","line":87,"loc":{"start":{"line":87,"column":4},"end":{"line":100,"column":4}}}},"statementMap":{"1":{"start":{"line":19,"column":8},"end":{"line":19,"column":35}},"2":{"start":{"line":23,"column":8},"end":{"line":23,"column":44}},"3":{"start":{"line":24,"column":8},"end":{"line":24,"column":46}},"4":{"start":{"line":25,"column":8},"end":{"line":25,"column":95}},"5":{"start":{"line":27,"column":8},"end":{"line":27,"column":28}},"6":{"start":{"line":28,"column":8},"end":{"line":28,"column":43}},"7":{"start":{"line":29,"column":8},"end":{"line":29,"column":35}},"8":{"start":{"line":33,"column":8},"end":{"line":33,"column":44}},"9":{"start":{"line":34,"column":8},"end":{"line":34,"column":46}},"10":{"start":{"line":35,"column":8},"end":{"line":35,"column":84}},"11":{"start":{"line":36,"column":8},"end":{"line":36,"column":65}},"12":{"start":{"line":37,"column":8},"end":{"line":37,"column":46}},"13":{"start":{"line":40,"column":8},"end":{"line":40,"column":55}},"14":{"start":{"line":41,"column":8},"end":{"line":41,"column":68}},"15":{"start":{"line":42,"column":8},"end":{"line":42,"column":66}},"16":{"start":{"line":43,"column":8},"end":{"line":43,"column":66}},"17":{"start":{"line":44,"column":8},"end":{"line":44,"column":24}},"18":{"start":{"line":49,"column":8},"end":{"line":49,"column":60}},"19":{"start":{"line":51,"column":8},"end":{"line":51,"column":59}},"20":{"start":{"line":55,"column":8},"end":{"line":55,"column":65}},"21":{"start":{"line":56,"column":8},"end":{"line":56,"column":84}},"22":{"start":{"line":58,"column":8},"end":{"line":58,"column":26}},"23":{"start":{"line":62,"column":8},"end":{"line":62,"column":33}},"24":{"start":{"line":66,"column":8},"end":{"line":66,"column":65}},"25":{"start":{"line":67,"column":8},"end":{"line":67,"column":31}},"26":{"start":{"line":71,"column":8},"end":{"line":71,"column":53}},"27":{"start":{"line":75,"column":8},"end":{"line":75,"column":61}},"28":{"start":{"line":79,"column":8},"end":{"line":79,"column":54}},"29":{"start":{"line":83,"column":8},"end":{"line":83,"column":55}},"30":{"start":{"line":84,"column":8},"end":{"line":84,"column":33}},"31":{"start":{"line":88,"column":8},"end":{"line":88,"column":38}},"32":{"start":{"line":89,"column":8},"end":{"line":89,"column":52}},"33":{"start":{"line":90,"column":8},"end":{"line":90,"column":3272}},"34":{"start":{"line":92,"column":12},"end":{"line":92,"column":3367}},"35":{"start":{"line":94,"column":16},"end":{"line":94,"column":54}},"36":{"start":{"line":96,"column":16},"end":{"line":96,"column":34}},"37":{"start":{"line":99,"column":8},"end":{"line":99,"column":29}}},"branchMap":{"1":{"line":25,"type":"if","locations":[{"start":{"line":25,"column":8},"end":{"line":25,"column":8}},{"start":{"line":25,"column":8},"end":{"line":25,"column":8}}]},"2":{"line":35,"type":"if","locations":[{"start":{"line":35,"column":8},"end":{"line":35,"column":8}},{"start":{"line":35,"column":8},"end":{"line":35,"column":8}}]},"3":{"line":36,"type":"if","locations":[{"start":{"line":36,"column":8},"end":{"line":36,"column":8}},{"start":{"line":36,"column":8},"end":{"line":36,"column":8}}]},"4":{"line":49,"type":"if","locations":[{"start":{"line":49,"column":8},"end":{"line":49,"column":8}},{"start":{"line":49,"column":8},"end":{"line":49,"column":8}}]},"5":{"line":56,"type":"if","locations":[{"start":{"line":56,"column":8},"end":{"line":56,"column":8}},{"start":{"line":56,"column":8},"end":{"line":56,"column":8}}]},"6":{"line":92,"type":"if","locations":[{"start":{"line":92,"column":12},"end":{"line":92,"column":12}},{"start":{"line":92,"column":12},"end":{"line":92,"column":12}}]}}},"contracts/Relations/ProtocolsAddresses.sol":{"l":{"14":9,"21":8,"28":2,"36":11,"44":6,"52":7,"60":7,"68":5,"76":7},"path":"/Users/h0tmilk/Documents/ApeGuard/contracts/Relations/ProtocolsAddresses.sol","s":{"1":9,"2":8,"3":2,"4":11,"5":6,"6":7,"7":7,"8":5,"9":7},"b":{},"f":{"1":9,"2":8,"3":2,"4":11,"5":6,"6":7,"7":7,"8":5,"9":7},"fnMap":{"1":{"name":"constructor","line":13,"loc":{"start":{"line":13,"column":4},"end":{"line":15,"column":4}}},"2":{"name":"addAddress","line":19,"loc":{"start":{"line":17,"column":4},"end":{"line":22,"column":4}}},"3":{"name":"removeAddress","line":26,"loc":{"start":{"line":24,"column":4},"end":{"line":29,"column":4}}},"4":{"name":"owns","line":31,"loc":{"start":{"line":31,"column":4},"end":{"line":37,"column":4}}},"5":{"name":"protocolsAddressesCount","line":39,"loc":{"start":{"line":39,"column":4},"end":{"line":45,"column":4}}},"6":{"name":"ownersCount","line":47,"loc":{"start":{"line":47,"column":4},"end":{"line":53,"column":4}}},"7":{"name":"getOwnerProtocolById","line":55,"loc":{"start":{"line":55,"column":4},"end":{"line":61,"column":4}}},"8":{"name":"addressesCount","line":63,"loc":{"start":{"line":63,"column":4},"end":{"line":69,"column":4}}},"9":{"name":"getAddressById","line":71,"loc":{"start":{"line":71,"column":4},"end":{"line":77,"column":4}}}},"statementMap":{"1":{"start":{"line":14,"column":8},"end":{"line":14,"column":110}},"2":{"start":{"line":21,"column":8},"end":{"line":21,"column":60}},"3":{"start":{"line":28,"column":8},"end":{"line":28,"column":62}},"4":{"start":{"line":36,"column":8},"end":{"line":36,"column":65}},"5":{"start":{"line":44,"column":8},"end":{"line":44,"column":52}},"6":{"start":{"line":52,"column":8},"end":{"line":52,"column":63}},"7":{"start":{"line":60,"column":8},"end":{"line":60,"column":68}},"8":{"start":{"line":68,"column":8},"end":{"line":68,"column":70}},"9":{"start":{"line":76,"column":8},"end":{"line":76,"column":79}}},"branchMap":{}},"contracts/Relations/ProtocolsDomainNames.sol":{"l":{"14":0,"21":0,"28":0,"36":0,"44":0,"52":0,"60":0,"68":0,"76":0},"path":"/Users/h0tmilk/Documents/ApeGuard/contracts/Relations/ProtocolsDomainNames.sol","s":{"1":0,"2":0,"3":0,"4":0,"5":0,"6":0,"7":0,"8":0,"9":0},"b":{},"f":{"1":0,"2":0,"3":0,"4":0,"5":0,"6":0,"7":0,"8":0,"9":0},"fnMap":{"1":{"name":"constructor","line":13,"loc":{"start":{"line":13,"column":4},"end":{"line":15,"column":4}}},"2":{"name":"addDomainName","line":19,"loc":{"start":{"line":17,"column":4},"end":{"line":22,"column":4}}},"3":{"name":"removeDomainName","line":26,"loc":{"start":{"line":24,"column":4},"end":{"line":29,"column":4}}},"4":{"name":"isLinked","line":31,"loc":{"start":{"line":31,"column":4},"end":{"line":37,"column":4}}},"5":{"name":"getLinksTotalCount","line":39,"loc":{"start":{"line":39,"column":4},"end":{"line":45,"column":4}}},"6":{"name":"getDomainNamesCount","line":47,"loc":{"start":{"line":47,"column":4},"end":{"line":53,"column":4}}},"7":{"name":"getDomainNameByIndex","line":55,"loc":{"start":{"line":55,"column":4},"end":{"line":61,"column":4}}},"8":{"name":"getProtocolsCount","line":63,"loc":{"start":{"line":63,"column":4},"end":{"line":69,"column":4}}},"9":{"name":"getProtocolById","line":71,"loc":{"start":{"line":71,"column":4},"end":{"line":77,"column":4}}}},"statementMap":{"1":{"start":{"line":14,"column":8},"end":{"line":14,"column":91}},"2":{"start":{"line":21,"column":8},"end":{"line":21,"column":62}},"3":{"start":{"line":28,"column":8},"end":{"line":28,"column":65}},"4":{"start":{"line":36,"column":8},"end":{"line":36,"column":68}},"5":{"start":{"line":44,"column":8},"end":{"line":44,"column":52}},"6":{"start":{"line":52,"column":8},"end":{"line":52,"column":78}},"7":{"start":{"line":60,"column":8},"end":{"line":60,"column":87}},"8":{"start":{"line":68,"column":8},"end":{"line":68,"column":76}},"9":{"start":{"line":76,"column":8},"end":{"line":76,"column":85}}},"branchMap":{}},"contracts/Relations/TypeRelations/AddressesToStringsLink.sol":{"l":{"27":9,"28":9,"30":9,"31":9,"38":8,"39":8,"41":8,"42":8,"44":8,"45":8,"46":8,"47":8,"48":8,"49":8,"50":8,"51":8,"52":8,"54":8,"57":8,"58":0,"66":2,"67":2,"70":2,"71":2,"73":2,"76":2,"77":2,"78":2,"79":2,"82":2,"83":2,"84":2,"85":2,"88":2,"89":2,"90":2,"91":2,"94":2,"97":2,"100":2,"101":1,"110":21,"111":21,"119":6,"127":16,"135":7,"136":5,"137":5,"139":5,"140":5,"148":5,"149":5,"157":7,"158":7,"160":5,"161":5,"163":5,"164":5,"172":7,"180":31},"path":"/Users/h0tmilk/Documents/ApeGuard/contracts/Relations/TypeRelations/AddressesToStringsLink.sol","s":{"1":9,"2":9,"3":9,"4":9,"5":8,"6":8,"7":8,"8":8,"9":8,"10":8,"11":8,"12":8,"13":8,"14":8,"15":8,"16":8,"17":8,"18":8,"19":8,"20":0,"21":2,"22":2,"23":2,"24":2,"25":2,"26":2,"27":2,"28":2,"29":2,"30":2,"31":2,"32":2,"33":2,"34":2,"35":2,"36":2,"37":2,"38":2,"39":1,"40":21,"41":21,"42":6,"43":16,"44":7,"45":5,"46":5,"47":5,"48":5,"49":5,"50":5,"51":7,"52":7,"53":5,"54":5,"55":5,"56":5,"57":7,"58":31},"b":{"1":[8,0],"2":[8,0],"3":[0,8],"4":[2,0],"5":[2,0],"6":[1,1],"7":[5,2],"8":[5,0],"9":[5,2],"10":[5,0]},"f":{"1":9,"2":8,"3":2,"4":21,"5":6,"6":16,"7":7,"8":5,"9":7,"10":7,"11":31},"fnMap":{"1":{"name":"constructor","line":26,"loc":{"start":{"line":26,"column":4},"end":{"line":32,"column":4}}},"2":{"name":"linkAddress","line":36,"loc":{"start":{"line":34,"column":4},"end":{"line":60,"column":4}}},"3":{"name":"unlinkAddress","line":64,"loc":{"start":{"line":62,"column":4},"end":{"line":103,"column":4}}},"4":{"name":"isLinked","line":105,"loc":{"start":{"line":105,"column":4},"end":{"line":112,"column":4}}},"5":{"name":"getLinksTotalCount","line":114,"loc":{"start":{"line":114,"column":4},"end":{"line":120,"column":4}}},"6":{"name":"getLinkedStringsCount","line":122,"loc":{"start":{"line":122,"column":4},"end":{"line":128,"column":4}}},"7":{"name":"getLinkedStringById","line":130,"loc":{"start":{"line":130,"column":4},"end":{"line":141,"column":4}}},"8":{"name":"getLinkedAddressesCount","line":143,"loc":{"start":{"line":143,"column":4},"end":{"line":150,"column":4}}},"9":{"name":"getLinkedAddressById","line":152,"loc":{"start":{"line":152,"column":4},"end":{"line":165,"column":4}}},"10":{"name":"_getLinkedAddressesCount","line":167,"loc":{"start":{"line":167,"column":4},"end":{"line":173,"column":4}}},"11":{"name":"_isLinked","line":175,"loc":{"start":{"line":175,"column":4},"end":{"line":181,"column":4}}}},"statementMap":{"1":{"start":{"line":27,"column":8},"end":{"line":27,"column":71}},"2":{"start":{"line":28,"column":8},"end":{"line":28,"column":65}},"3":{"start":{"line":30,"column":8},"end":{"line":30,"column":52}},"4":{"start":{"line":31,"column":8},"end":{"line":31,"column":50}},"5":{"start":{"line":38,"column":8},"end":{"line":38,"column":74}},"6":{"start":{"line":39,"column":8},"end":{"line":39,"column":72}},"7":{"start":{"line":41,"column":8},"end":{"line":41,"column":65}},"8":{"start":{"line":42,"column":8},"end":{"line":42,"column":69}},"9":{"start":{"line":44,"column":8},"end":{"line":44,"column":56}},"10":{"start":{"line":45,"column":8},"end":{"line":45,"column":37}},"11":{"start":{"line":46,"column":8},"end":{"line":46,"column":32}},"12":{"start":{"line":47,"column":8},"end":{"line":47,"column":29}},"13":{"start":{"line":48,"column":8},"end":{"line":48,"column":52}},"14":{"start":{"line":49,"column":8},"end":{"line":49,"column":49}},"15":{"start":{"line":50,"column":8},"end":{"line":50,"column":79}},"16":{"start":{"line":51,"column":8},"end":{"line":51,"column":49}},"17":{"start":{"line":52,"column":8},"end":{"line":52,"column":79}},"18":{"start":{"line":54,"column":8},"end":{"line":54,"column":51}},"19":{"start":{"line":57,"column":8},"end":{"line":57,"column":2470}},"20":{"start":{"line":58,"column":12},"end":{"line":58,"column":42}},"21":{"start":{"line":66,"column":8},"end":{"line":66,"column":74}},"22":{"start":{"line":67,"column":8},"end":{"line":67,"column":67}},"23":{"start":{"line":70,"column":8},"end":{"line":70,"column":65}},"24":{"start":{"line":71,"column":8},"end":{"line":71,"column":60}},"25":{"start":{"line":73,"column":8},"end":{"line":73,"column":56}},"26":{"start":{"line":76,"column":8},"end":{"line":76,"column":69}},"27":{"start":{"line":77,"column":8},"end":{"line":77,"column":66}},"28":{"start":{"line":78,"column":8},"end":{"line":78,"column":56}},"29":{"start":{"line":79,"column":8},"end":{"line":79,"column":25}},"30":{"start":{"line":82,"column":8},"end":{"line":82,"column":100}},"31":{"start":{"line":83,"column":8},"end":{"line":83,"column":80}},"32":{"start":{"line":84,"column":8},"end":{"line":84,"column":83}},"33":{"start":{"line":85,"column":8},"end":{"line":85,"column":45}},"34":{"start":{"line":88,"column":8},"end":{"line":88,"column":100}},"35":{"start":{"line":89,"column":8},"end":{"line":89,"column":80}},"36":{"start":{"line":90,"column":8},"end":{"line":90,"column":83}},"37":{"start":{"line":91,"column":8},"end":{"line":91,"column":45}},"38":{"start":{"line":100,"column":8},"end":{"line":100,"column":4242}},"39":{"start":{"line":101,"column":12},"end":{"line":101,"column":45}},"40":{"start":{"line":110,"column":8},"end":{"line":110,"column":65}},"41":{"start":{"line":111,"column":8},"end":{"line":111,"column":64}},"42":{"start":{"line":119,"column":8},"end":{"line":119,"column":34}},"43":{"start":{"line":127,"column":8},"end":{"line":127,"column":54}},"44":{"start":{"line":135,"column":8},"end":{"line":135,"column":92}},"45":{"start":{"line":136,"column":8},"end":{"line":136,"column":61}},"46":{"start":{"line":137,"column":8},"end":{"line":137,"column":62}},"47":{"start":{"line":139,"column":8},"end":{"line":139,"column":56}},"48":{"start":{"line":140,"column":8},"end":{"line":140,"column":64}},"49":{"start":{"line":148,"column":8},"end":{"line":148,"column":65}},"50":{"start":{"line":149,"column":8},"end":{"line":149,"column":54}},"51":{"start":{"line":157,"column":8},"end":{"line":157,"column":65}},"52":{"start":{"line":158,"column":8},"end":{"line":158,"column":95}},"53":{"start":{"line":160,"column":8},"end":{"line":160,"column":61}},"54":{"start":{"line":161,"column":8},"end":{"line":161,"column":62}},"55":{"start":{"line":163,"column":8},"end":{"line":163,"column":56}},"56":{"start":{"line":164,"column":8},"end":{"line":164,"column":34}},"57":{"start":{"line":172,"column":9},"end":{"line":172,"column":56}},"58":{"start":{"line":180,"column":8},"end":{"line":180,"column":23}}},"branchMap":{"1":{"line":38,"type":"if","locations":[{"start":{"line":38,"column":8},"end":{"line":38,"column":8}},{"start":{"line":38,"column":8},"end":{"line":38,"column":8}}]},"2":{"line":39,"type":"if","locations":[{"start":{"line":39,"column":8},"end":{"line":39,"column":8}},{"start":{"line":39,"column":8},"end":{"line":39,"column":8}}]},"3":{"line":57,"type":"if","locations":[{"start":{"line":57,"column":8},"end":{"line":57,"column":8}},{"start":{"line":57,"column":8},"end":{"line":57,"column":8}}]},"4":{"line":66,"type":"if","locations":[{"start":{"line":66,"column":8},"end":{"line":66,"column":8}},{"start":{"line":66,"column":8},"end":{"line":66,"column":8}}]},"5":{"line":67,"type":"if","locations":[{"start":{"line":67,"column":8},"end":{"line":67,"column":8}},{"start":{"line":67,"column":8},"end":{"line":67,"column":8}}]},"6":{"line":100,"type":"if","locations":[{"start":{"line":100,"column":8},"end":{"line":100,"column":8}},{"start":{"line":100,"column":8},"end":{"line":100,"column":8}}]},"7":{"line":135,"type":"if","locations":[{"start":{"line":135,"column":8},"end":{"line":135,"column":8}},{"start":{"line":135,"column":8},"end":{"line":135,"column":8}}]},"8":{"line":137,"type":"if","locations":[{"start":{"line":137,"column":8},"end":{"line":137,"column":8}},{"start":{"line":137,"column":8},"end":{"line":137,"column":8}}]},"9":{"line":158,"type":"if","locations":[{"start":{"line":158,"column":8},"end":{"line":158,"column":8}},{"start":{"line":158,"column":8},"end":{"line":158,"column":8}}]},"10":{"line":161,"type":"if","locations":[{"start":{"line":161,"column":8},"end":{"line":161,"column":8}},{"start":{"line":161,"column":8},"end":{"line":161,"column":8}}]}}},"contracts/Relations/TypeRelations/StringsToStringsLink.sol":{"l":{"26":0,"27":0,"29":0,"30":0,"37":0,"38":0,"40":0,"41":0,"42":0,"44":0,"45":0,"46":0,"47":0,"48":0,"49":0,"50":0,"51":0,"52":0,"54":0,"57":0,"58":0,"66":0,"67":0,"69":0,"70":0,"71":0,"73":0,"76":0,"77":0,"78":0,"79":0,"82":0,"83":0,"84":0,"85":0,"88":0,"89":0,"90":0,"91":0,"94":0,"97":0,"100":0,"101":0,"110":0,"111":0,"112":0,"120":0,"128":0,"129":0,"137":0,"138":0,"139":0,"140":0,"142":0,"143":0,"151":0,"152":0,"160":0,"161":0,"162":0,"163":0,"165":0,"166":0,"174":0},"path":"/Users/h0tmilk/Documents/ApeGuard/contracts/Relations/TypeRelations/StringsToStringsLink.sol","s":{"1":0,"2":0,"3":0,"4":0,"5":0,"6":0,"7":0,"8":0,"9":0,"10":0,"11":0,"12":0,"13":0,"14":0,"15":0,"16":0,"17":0,"18":0,"19":0,"20":0,"21":0,"22":0,"23":0,"24":0,"25":0,"26":0,"27":0,"28":0,"29":0,"30":0,"31":0,"32":0,"33":0,"34":0,"35":0,"36":0,"37":0,"38":0,"39":0,"40":0,"41":0,"42":0,"43":0,"44":0,"45":0,"46":0,"47":0,"48":0,"49":0,"50":0,"51":0,"52":0,"53":0,"54":0,"55":0,"56":0,"57":0,"58":0,"59":0,"60":0,"61":0,"62":0},"b":{"1":[0,0],"2":[0,0],"3":[0,0],"4":[0,0],"5":[0,0],"6":[0,0],"7":[0,0],"8":[0,0],"9":[0,0],"10":[0,0]},"f":{"1":0,"2":0,"3":0,"4":0,"5":0,"6":0,"7":0,"8":0,"9":0,"10":0},"fnMap":{"1":{"name":"constructor","line":25,"loc":{"start":{"line":25,"column":4},"end":{"line":31,"column":4}}},"2":{"name":"linkString","line":35,"loc":{"start":{"line":33,"column":4},"end":{"line":60,"column":4}}},"3":{"name":"unlinkAddress","line":64,"loc":{"start":{"line":62,"column":4},"end":{"line":103,"column":4}}},"4":{"name":"isLinked","line":105,"loc":{"start":{"line":105,"column":4},"end":{"line":113,"column":4}}},"5":{"name":"getLinksTotalCount","line":115,"loc":{"start":{"line":115,"column":4},"end":{"line":121,"column":4}}},"6":{"name":"getStringR1LinkedStringsR2Count","line":123,"loc":{"start":{"line":123,"column":4},"end":{"line":130,"column":4}}},"7":{"name":"getStringR1LinkedStringsR2ByIndex","line":132,"loc":{"start":{"line":132,"column":4},"end":{"line":144,"column":4}}},"8":{"name":"getStringR2LinkedStringsR1Count","line":146,"loc":{"start":{"line":146,"column":4},"end":{"line":153,"column":4}}},"9":{"name":"getStringR2LinkedStringsR1ByIndex","line":155,"loc":{"start":{"line":155,"column":4},"end":{"line":167,"column":4}}},"10":{"name":"_isLinked","line":169,"loc":{"start":{"line":169,"column":4},"end":{"line":175,"column":4}}}},"statementMap":{"1":{"start":{"line":26,"column":8},"end":{"line":26,"column":67}},"2":{"start":{"line":27,"column":8},"end":{"line":27,"column":67}},"3":{"start":{"line":29,"column":8},"end":{"line":29,"column":48}},"4":{"start":{"line":30,"column":8},"end":{"line":30,"column":48}},"5":{"start":{"line":37,"column":8},"end":{"line":37,"column":88}},"6":{"start":{"line":38,"column":8},"end":{"line":38,"column":97}},"7":{"start":{"line":40,"column":8},"end":{"line":40,"column":85}},"8":{"start":{"line":41,"column":8},"end":{"line":41,"column":85}},"9":{"start":{"line":42,"column":8},"end":{"line":42,"column":81}},"10":{"start":{"line":44,"column":8},"end":{"line":44,"column":54}},"11":{"start":{"line":45,"column":8},"end":{"line":45,"column":44}},"12":{"start":{"line":46,"column":8},"end":{"line":46,"column":44}},"13":{"start":{"line":47,"column":8},"end":{"line":47,"column":29}},"14":{"start":{"line":48,"column":8},"end":{"line":48,"column":52}},"15":{"start":{"line":49,"column":8},"end":{"line":49,"column":51}},"16":{"start":{"line":50,"column":8},"end":{"line":50,"column":84}},"17":{"start":{"line":51,"column":8},"end":{"line":51,"column":51}},"18":{"start":{"line":52,"column":8},"end":{"line":52,"column":84}},"19":{"start":{"line":54,"column":8},"end":{"line":54,"column":61}},"20":{"start":{"line":57,"column":8},"end":{"line":57,"column":2641}},"21":{"start":{"line":58,"column":12},"end":{"line":58,"column":53}},"22":{"start":{"line":66,"column":8},"end":{"line":66,"column":88}},"23":{"start":{"line":67,"column":8},"end":{"line":67,"column":92}},"24":{"start":{"line":69,"column":8},"end":{"line":69,"column":85}},"25":{"start":{"line":70,"column":8},"end":{"line":70,"column":85}},"26":{"start":{"line":71,"column":8},"end":{"line":71,"column":70}},"27":{"start":{"line":73,"column":8},"end":{"line":73,"column":54}},"28":{"start":{"line":76,"column":8},"end":{"line":76,"column":69}},"29":{"start":{"line":77,"column":8},"end":{"line":77,"column":66}},"30":{"start":{"line":78,"column":8},"end":{"line":78,"column":56}},"31":{"start":{"line":79,"column":8},"end":{"line":79,"column":25}},"32":{"start":{"line":82,"column":8},"end":{"line":82,"column":104}},"33":{"start":{"line":83,"column":8},"end":{"line":83,"column":86}},"34":{"start":{"line":84,"column":8},"end":{"line":84,"column":88}},"35":{"start":{"line":85,"column":8},"end":{"line":85,"column":47}},"36":{"start":{"line":88,"column":8},"end":{"line":88,"column":104}},"37":{"start":{"line":89,"column":8},"end":{"line":89,"column":86}},"38":{"start":{"line":90,"column":8},"end":{"line":90,"column":88}},"39":{"start":{"line":91,"column":8},"end":{"line":91,"column":47}},"40":{"start":{"line":100,"column":8},"end":{"line":100,"column":4653}},"41":{"start":{"line":101,"column":12},"end":{"line":101,"column":56}},"42":{"start":{"line":110,"column":8},"end":{"line":110,"column":85}},"43":{"start":{"line":111,"column":8},"end":{"line":111,"column":85}},"44":{"start":{"line":112,"column":8},"end":{"line":112,"column":74}},"45":{"start":{"line":120,"column":8},"end":{"line":120,"column":34}},"46":{"start":{"line":128,"column":8},"end":{"line":128,"column":85}},"47":{"start":{"line":129,"column":8},"end":{"line":129,"column":56}},"48":{"start":{"line":137,"column":8},"end":{"line":137,"column":114}},"49":{"start":{"line":138,"column":8},"end":{"line":138,"column":85}},"50":{"start":{"line":139,"column":8},"end":{"line":139,"column":63}},"51":{"start":{"line":140,"column":8},"end":{"line":140,"column":62}},"52":{"start":{"line":142,"column":8},"end":{"line":142,"column":54}},"53":{"start":{"line":143,"column":8},"end":{"line":143,"column":71}},"54":{"start":{"line":151,"column":8},"end":{"line":151,"column":85}},"55":{"start":{"line":152,"column":8},"end":{"line":152,"column":56}},"56":{"start":{"line":160,"column":8},"end":{"line":160,"column":114}},"57":{"start":{"line":161,"column":8},"end":{"line":161,"column":85}},"58":{"start":{"line":162,"column":8},"end":{"line":162,"column":63}},"59":{"start":{"line":163,"column":8},"end":{"line":163,"column":62}},"60":{"start":{"line":165,"column":8},"end":{"line":165,"column":54}},"61":{"start":{"line":166,"column":8},"end":{"line":166,"column":71}},"62":{"start":{"line":174,"column":8},"end":{"line":174,"column":23}}},"branchMap":{"1":{"line":37,"type":"if","locations":[{"start":{"line":37,"column":8},"end":{"line":37,"column":8}},{"start":{"line":37,"column":8},"end":{"line":37,"column":8}}]},"2":{"line":38,"type":"if","locations":[{"start":{"line":38,"column":8},"end":{"line":38,"column":8}},{"start":{"line":38,"column":8},"end":{"line":38,"column":8}}]},"3":{"line":57,"type":"if","locations":[{"start":{"line":57,"column":8},"end":{"line":57,"column":8}},{"start":{"line":57,"column":8},"end":{"line":57,"column":8}}]},"4":{"line":66,"type":"if","locations":[{"start":{"line":66,"column":8},"end":{"line":66,"column":8}},{"start":{"line":66,"column":8},"end":{"line":66,"column":8}}]},"5":{"line":67,"type":"if","locations":[{"start":{"line":67,"column":8},"end":{"line":67,"column":8}},{"start":{"line":67,"column":8},"end":{"line":67,"column":8}}]},"6":{"line":100,"type":"if","locations":[{"start":{"line":100,"column":8},"end":{"line":100,"column":8}},{"start":{"line":100,"column":8},"end":{"line":100,"column":8}}]},"7":{"line":137,"type":"if","locations":[{"start":{"line":137,"column":8},"end":{"line":137,"column":8}},{"start":{"line":137,"column":8},"end":{"line":137,"column":8}}]},"8":{"line":140,"type":"if","locations":[{"start":{"line":140,"column":8},"end":{"line":140,"column":8}},{"start":{"line":140,"column":8},"end":{"line":140,"column":8}}]},"9":{"line":160,"type":"if","locations":[{"start":{"line":160,"column":8},"end":{"line":160,"column":8}},{"start":{"line":160,"column":8},"end":{"line":160,"column":8}}]},"10":{"line":163,"type":"if","locations":[{"start":{"line":163,"column":8},"end":{"line":163,"column":8}},{"start":{"line":163,"column":8},"end":{"line":163,"column":8}}]}}}}