{
"contracts/Registries/ExecutorsRegistry.sol":{"l":{"17":27,"18":27,"20":27,"21":27,"22":27,"26":6,"27":6,"28":5,"29":5,"32":5,"33":5,"34":5,"35":5,"36":5,"37":5,"41":8,"43":8,"47":8,"48":8,"50":8,"54":4,"58":28,"59":28,"63":69,"67":13},"path":"/Users/h0tmilk/Documents/Certimio/contracts/Registries/ExecutorsRegistry.sol","s":{"1":27,"2":27,"3":27,"4":27,"5":27,"6":6,"7":6,"8":5,"9":5,"10":5,"11":5,"12":5,"13":5,"14":5,"15":8,"16":8,"17":8,"18":8,"19":8,"20":4,"21":28,"22":28,"23":69,"24":13},"b":{"1":[27,0],"2":[5,1],"3":[5,0],"4":[8,0],"5":[8,0]},"f":{"1":27,"2":6,"3":8,"4":8,"5":4,"6":28,"7":69,"8":13},"fnMap":{"1":{"name":"add","line":16,"loc":{"start":{"line":16,"column":4},"end":{"line":23,"column":4}}},"2":{"name":"remove","line":25,"loc":{"start":{"line":25,"column":4},"end":{"line":38,"column":4}}},"3":{"name":"getByIndex","line":40,"loc":{"start":{"line":40,"column":4},"end":{"line":44,"column":4}}},"4":{"name":"getExecutorId","line":46,"loc":{"start":{"line":46,"column":4},"end":{"line":51,"column":4}}},"5":{"name":"size","line":53,"loc":{"start":{"line":53,"column":4},"end":{"line":55,"column":4}}},"6":{"name":"contains","line":57,"loc":{"start":{"line":57,"column":4},"end":{"line":60,"column":4}}},"7":{"name":"_contains","line":62,"loc":{"start":{"line":62,"column":4},"end":{"line":64,"column":4}}},"8":{"name":"_isInRange","line":66,"loc":{"start":{"line":66,"column":4},"end":{"line":68,"column":4}}}},"statementMap":{"1":{"start":{"line":17,"column":8},"end":{"line":17,"column":63}},"2":{"start":{"line":18,"column":8},"end":{"line":18,"column":60}},"3":{"start":{"line":20,"column":8},"end":{"line":20,"column":43}},"4":{"start":{"line":21,"column":8},"end":{"line":21,"column":45}},"5":{"start":{"line":22,"column":8},"end":{"line":22,"column":26}},"6":{"start":{"line":26,"column":8},"end":{"line":26,"column":63}},"7":{"start":{"line":27,"column":8},"end":{"line":27,"column":74}},"8":{"start":{"line":28,"column":8},"end":{"line":28,"column":65}},"9":{"start":{"line":29,"column":8},"end":{"line":29,"column":46}},"10":{"start":{"line":32,"column":8},"end":{"line":32,"column":57}},"11":{"start":{"line":33,"column":8},"end":{"line":33,"column":72}},"12":{"start":{"line":34,"column":8},"end":{"line":34,"column":70}},"13":{"start":{"line":35,"column":8},"end":{"line":35,"column":70}},"14":{"start":{"line":36,"column":8},"end":{"line":36,"column":26}},"15":{"start":{"line":41,"column":8},"end":{"line":41,"column":60}},"16":{"start":{"line":43,"column":8},"end":{"line":43,"column":36}},"17":{"start":{"line":47,"column":8},"end":{"line":47,"column":63}},"18":{"start":{"line":48,"column":8},"end":{"line":48,"column":74}},"19":{"start":{"line":50,"column":8},"end":{"line":50,"column":42}},"20":{"start":{"line":54,"column":8},"end":{"line":54,"column":35}},"21":{"start":{"line":58,"column":8},"end":{"line":58,"column":63}},"22":{"start":{"line":59,"column":8},"end":{"line":59,"column":31}},"23":{"start":{"line":63,"column":8},"end":{"line":63,"column":28}},"24":{"start":{"line":67,"column":8},"end":{"line":67,"column":63}}},"branchMap":{"1":{"line":18,"type":"if","locations":[{"start":{"line":18,"column":8},"end":{"line":18,"column":8}},{"start":{"line":18,"column":8},"end":{"line":18,"column":8}}]},"2":{"line":27,"type":"if","locations":[{"start":{"line":27,"column":8},"end":{"line":27,"column":8}},{"start":{"line":27,"column":8},"end":{"line":27,"column":8}}]},"3":{"line":28,"type":"if","locations":[{"start":{"line":28,"column":8},"end":{"line":28,"column":8}},{"start":{"line":28,"column":8},"end":{"line":28,"column":8}}]},"4":{"line":41,"type":"if","locations":[{"start":{"line":41,"column":8},"end":{"line":41,"column":8}},{"start":{"line":41,"column":8},"end":{"line":41,"column":8}}]},"5":{"line":48,"type":"if","locations":[{"start":{"line":48,"column":8},"end":{"line":48,"column":8}},{"start":{"line":48,"column":8},"end":{"line":48,"column":8}}]}}},
"contracts/Registries/ProtocolsRegistry.sol":{"l":{"17":49,"18":49,"19":49,"21":48,"22":48,"23":48,"27":5,"28":5,"29":5,"30":4,"31":4,"34":4,"35":4,"36":4,"37":4,"38":4,"39":4,"43":8,"45":8,"49":8,"50":8,"52":8,"56":6,"60":34,"61":34,"65":96,"69":12,"73":158,"77":6,"78":6,"82":158,"83":158,"84":158,"86":899,"88":433,"90":466,"93":158},"path":"/Users/h0tmilk/Documents/Certimio/contracts/Registries/ProtocolsRegistry.sol","s":{"1":49,"2":49,"3":49,"4":48,"5":48,"6":48,"7":5,"8":5,"9":5,"10":4,"11":4,"12":4,"13":4,"14":4,"15":4,"16":4,"17":8,"18":8,"19":8,"20":8,"21":8,"22":6,"23":34,"24":34,"25":96,"26":12,"27":158,"28":6,"29":6,"30":158,"31":158,"32":158,"33":899,"34":433,"35":466,"36":158},"b":{"1":[48,1],"2":[4,1],"3":[4,0],"4":[8,0],"5":[8,0],"6":[433,466]},"f":{"1":49,"2":5,"3":8,"4":8,"5":6,"6":34,"7":96,"8":12,"9":158,"10":6,"11":158},"fnMap":{"1":{"name":"add","line":16,"loc":{"start":{"line":16,"column":4},"end":{"line":24,"column":4}}},"2":{"name":"remove","line":26,"loc":{"start":{"line":26,"column":4},"end":{"line":40,"column":4}}},"3":{"name":"getByIndex","line":42,"loc":{"start":{"line":42,"column":4},"end":{"line":46,"column":4}}},"4":{"name":"getProtocolId","line":48,"loc":{"start":{"line":48,"column":4},"end":{"line":53,"column":4}}},"5":{"name":"size","line":55,"loc":{"start":{"line":55,"column":4},"end":{"line":57,"column":4}}},"6":{"name":"contains","line":59,"loc":{"start":{"line":59,"column":4},"end":{"line":62,"column":4}}},"7":{"name":"_contains","line":64,"loc":{"start":{"line":64,"column":4},"end":{"line":66,"column":4}}},"8":{"name":"_isInRange","line":68,"loc":{"start":{"line":68,"column":4},"end":{"line":70,"column":4}}},"9":{"name":"protocolNameToBytes","line":72,"loc":{"start":{"line":72,"column":4},"end":{"line":74,"column":4}}},"10":{"name":"bytesToProtocolName","line":76,"loc":{"start":{"line":76,"column":4},"end":{"line":79,"column":4}}},"11":{"name":"_toLowerCase","line":81,"loc":{"start":{"line":81,"column":4},"end":{"line":94,"column":4}}}},"statementMap":{"1":{"start":{"line":17,"column":8},"end":{"line":17,"column":56}},"2":{"start":{"line":18,"column":8},"end":{"line":18,"column":50}},"3":{"start":{"line":19,"column":8},"end":{"line":19,"column":83}},"4":{"start":{"line":21,"column":8},"end":{"line":21,"column":30}},"5":{"start":{"line":22,"column":8},"end":{"line":22,"column":45}},"6":{"start":{"line":23,"column":8},"end":{"line":23,"column":33}},"7":{"start":{"line":27,"column":8},"end":{"line":27,"column":56}},"8":{"start":{"line":28,"column":8},"end":{"line":28,"column":50}},"9":{"start":{"line":29,"column":8},"end":{"line":29,"column":90}},"10":{"start":{"line":30,"column":8},"end":{"line":30,"column":65}},"11":{"start":{"line":31,"column":8},"end":{"line":31,"column":46}},"12":{"start":{"line":34,"column":8},"end":{"line":34,"column":57}},"13":{"start":{"line":35,"column":8},"end":{"line":35,"column":72}},"14":{"start":{"line":36,"column":8},"end":{"line":36,"column":70}},"15":{"start":{"line":37,"column":8},"end":{"line":37,"column":70}},"16":{"start":{"line":38,"column":8},"end":{"line":38,"column":26}},"17":{"start":{"line":43,"column":8},"end":{"line":43,"column":60}},"18":{"start":{"line":45,"column":8},"end":{"line":45,"column":55}},"19":{"start":{"line":49,"column":8},"end":{"line":49,"column":81}},"20":{"start":{"line":50,"column":8},"end":{"line":50,"column":90}},"21":{"start":{"line":52,"column":8},"end":{"line":52,"column":26}},"22":{"start":{"line":56,"column":8},"end":{"line":56,"column":35}},"23":{"start":{"line":60,"column":8},"end":{"line":60,"column":81}},"24":{"start":{"line":61,"column":8},"end":{"line":61,"column":31}},"25":{"start":{"line":65,"column":8},"end":{"line":65,"column":45}},"26":{"start":{"line":69,"column":8},"end":{"line":69,"column":63}},"27":{"start":{"line":73,"column":8},"end":{"line":73,"column":60}},"28":{"start":{"line":77,"column":8},"end":{"line":77,"column":61}},"29":{"start":{"line":78,"column":8},"end":{"line":78,"column":25}},"30":{"start":{"line":82,"column":8},"end":{"line":82,"column":38}},"31":{"start":{"line":83,"column":8},"end":{"line":83,"column":52}},"32":{"start":{"line":84,"column":8},"end":{"line":84,"column":3234}},"33":{"start":{"line":86,"column":12},"end":{"line":86,"column":3329}},"34":{"start":{"line":88,"column":16},"end":{"line":88,"column":54}},"35":{"start":{"line":90,"column":16},"end":{"line":90,"column":34}},"36":{"start":{"line":93,"column":8},"end":{"line":93,"column":29}}},"branchMap":{"1":{"line":19,"type":"if","locations":[{"start":{"line":19,"column":8},"end":{"line":19,"column":8}},{"start":{"line":19,"column":8},"end":{"line":19,"column":8}}]},"2":{"line":29,"type":"if","locations":[{"start":{"line":29,"column":8},"end":{"line":29,"column":8}},{"start":{"line":29,"column":8},"end":{"line":29,"column":8}}]},"3":{"line":30,"type":"if","locations":[{"start":{"line":30,"column":8},"end":{"line":30,"column":8}},{"start":{"line":30,"column":8},"end":{"line":30,"column":8}}]},"4":{"line":43,"type":"if","locations":[{"start":{"line":43,"column":8},"end":{"line":43,"column":8}},{"start":{"line":43,"column":8},"end":{"line":43,"column":8}}]},"5":{"line":50,"type":"if","locations":[{"start":{"line":50,"column":8},"end":{"line":50,"column":8}},{"start":{"line":50,"column":8},"end":{"line":50,"column":8}}]},"6":{"line":86,"type":"if","locations":[{"start":{"line":86,"column":12},"end":{"line":86,"column":12}},{"start":{"line":86,"column":12},"end":{"line":86,"column":12}}]}}},
"contracts/Registries/TrustedAddressesRegistry.sol":{"l":{"17":13,"18":13,"20":13,"21":13,"22":13,"26":5,"27":5,"28":4,"29":4,"32":4,"33":4,"34":4,"35":4,"36":4,"37":4,"41":8,"43":8,"47":8,"48":8,"50":8,"54":4,"58":5,"59":5,"63":31,"67":12},"path":"/Users/h0tmilk/Documents/Certimio/contracts/Registries/TrustedAddressesRegistry.sol","s":{"1":13,"2":13,"3":13,"4":13,"5":13,"6":5,"7":5,"8":4,"9":4,"10":4,"11":4,"12":4,"13":4,"14":4,"15":8,"16":8,"17":8,"18":8,"19":8,"20":4,"21":5,"22":5,"23":31,"24":12},"b":{"1":[13,0],"2":[4,1],"3":[4,0],"4":[8,0],"5":[8,0]},"f":{"1":13,"2":5,"3":8,"4":8,"5":4,"6":5,"7":31,"8":12},"fnMap":{"1":{"name":"add","line":16,"loc":{"start":{"line":16,"column":4},"end":{"line":23,"column":4}}},"2":{"name":"remove","line":25,"loc":{"start":{"line":25,"column":4},"end":{"line":38,"column":4}}},"3":{"name":"getByIndex","line":40,"loc":{"start":{"line":40,"column":4},"end":{"line":44,"column":4}}},"4":{"name":"getTrustedAddressId","line":46,"loc":{"start":{"line":46,"column":4},"end":{"line":51,"column":4}}},"5":{"name":"size","line":53,"loc":{"start":{"line":53,"column":4},"end":{"line":55,"column":4}}},"6":{"name":"contains","line":57,"loc":{"start":{"line":57,"column":4},"end":{"line":60,"column":4}}},"7":{"name":"_contains","line":62,"loc":{"start":{"line":62,"column":4},"end":{"line":64,"column":4}}},"8":{"name":"_isInRange","line":66,"loc":{"start":{"line":66,"column":4},"end":{"line":68,"column":4}}}},"statementMap":{"1":{"start":{"line":17,"column":8},"end":{"line":17,"column":75}},"2":{"start":{"line":18,"column":8},"end":{"line":18,"column":66}},"3":{"start":{"line":20,"column":8},"end":{"line":20,"column":49}},"4":{"start":{"line":21,"column":8},"end":{"line":21,"column":52}},"5":{"start":{"line":22,"column":8},"end":{"line":22,"column":26}},"6":{"start":{"line":26,"column":8},"end":{"line":26,"column":75}},"7":{"start":{"line":27,"column":8},"end":{"line":27,"column":73}},"8":{"start":{"line":28,"column":8},"end":{"line":28,"column":65}},"9":{"start":{"line":29,"column":8},"end":{"line":29,"column":46}},"10":{"start":{"line":32,"column":8},"end":{"line":32,"column":64}},"11":{"start":{"line":33,"column":8},"end":{"line":33,"column":85}},"12":{"start":{"line":34,"column":8},"end":{"line":34,"column":83}},"13":{"start":{"line":35,"column":8},"end":{"line":35,"column":84}},"14":{"start":{"line":36,"column":8},"end":{"line":36,"column":33}},"15":{"start":{"line":41,"column":8},"end":{"line":41,"column":60}},"16":{"start":{"line":43,"column":8},"end":{"line":43,"column":43}},"17":{"start":{"line":47,"column":8},"end":{"line":47,"column":75}},"18":{"start":{"line":48,"column":8},"end":{"line":48,"column":73}},"19":{"start":{"line":50,"column":8},"end":{"line":50,"column":42}},"20":{"start":{"line":54,"column":8},"end":{"line":54,"column":42}},"21":{"start":{"line":58,"column":8},"end":{"line":58,"column":75}},"22":{"start":{"line":59,"column":8},"end":{"line":59,"column":31}},"23":{"start":{"line":63,"column":8},"end":{"line":63,"column":28}},"24":{"start":{"line":67,"column":8},"end":{"line":67,"column":70}}},"branchMap":{"1":{"line":18,"type":"if","locations":[{"start":{"line":18,"column":8},"end":{"line":18,"column":8}},{"start":{"line":18,"column":8},"end":{"line":18,"column":8}}]},"2":{"line":27,"type":"if","locations":[{"start":{"line":27,"column":8},"end":{"line":27,"column":8}},{"start":{"line":27,"column":8},"end":{"line":27,"column":8}}]},"3":{"line":28,"type":"if","locations":[{"start":{"line":28,"column":8},"end":{"line":28,"column":8}},{"start":{"line":28,"column":8},"end":{"line":28,"column":8}}]},"4":{"line":41,"type":"if","locations":[{"start":{"line":41,"column":8},"end":{"line":41,"column":8}},{"start":{"line":41,"column":8},"end":{"line":41,"column":8}}]},"5":{"line":48,"type":"if","locations":[{"start":{"line":48,"column":8},"end":{"line":48,"column":8}},{"start":{"line":48,"column":8},"end":{"line":48,"column":8}}]}}},
"contracts/Registries/TrustedDomainsRegistry.sol":{"l":{"17":22,"18":16,"19":16,"20":16,"22":15,"23":15,"24":15,"28":5,"29":5,"30":5,"31":4,"32":4,"35":4,"36":4,"37":4,"38":4,"39":4,"40":4,"44":8,"46":8,"50":8,"51":8,"53":8,"57":12,"61":9,"62":9,"66":38,"70":12,"74":38,"78":38,"79":38,"80":38,"82":296,"84":5,"86":291,"89":38,"93":22,"94":22,"95":1,"97":21,"98":21,"99":21,"100":181,"108":4,"110":177,"111":177,"113":17},"path":"/Users/h0tmilk/Documents/Certimio/contracts/Registries/TrustedDomainsRegistry.sol","s":{"1":22,"2":16,"3":16,"4":16,"5":15,"6":15,"7":15,"8":5,"9":5,"10":5,"11":4,"12":4,"13":4,"14":4,"15":4,"16":4,"17":4,"18":8,"19":8,"20":8,"21":8,"22":8,"23":12,"24":9,"25":9,"26":38,"27":12,"28":38,"29":38,"30":38,"31":38,"32":296,"33":5,"34":291,"35":38,"36":22,"37":22,"38":1,"39":21,"40":21,"41":21,"42":181,"43":4,"44":177,"45":20,"46":177,"47":17},"b":{"1":[16,6],"2":[15,1],"3":[4,1],"4":[4,0],"5":[8,0],"6":[8,0],"7":[5,291],"8":[1,21],"9":[4,177],"10":[20,157]},"f":{"1":22,"2":5,"3":8,"4":8,"5":12,"6":9,"7":38,"8":12,"9":38,"10":38,"11":22},"fnMap":{"1":{"name":"add","line":16,"loc":{"start":{"line":16,"column":4},"end":{"line":25,"column":4}}},"2":{"name":"remove","line":27,"loc":{"start":{"line":27,"column":4},"end":{"line":41,"column":4}}},"3":{"name":"getByIndex","line":43,"loc":{"start":{"line":43,"column":4},"end":{"line":47,"column":4}}},"4":{"name":"getTrustedDomainId","line":49,"loc":{"start":{"line":49,"column":4},"end":{"line":54,"column":4}}},"5":{"name":"size","line":56,"loc":{"start":{"line":56,"column":4},"end":{"line":58,"column":4}}},"6":{"name":"contains","line":60,"loc":{"start":{"line":60,"column":4},"end":{"line":63,"column":4}}},"7":{"name":"_contains","line":65,"loc":{"start":{"line":65,"column":4},"end":{"line":67,"column":4}}},"8":{"name":"_isInRange","line":69,"loc":{"start":{"line":69,"column":4},"end":{"line":71,"column":4}}},"9":{"name":"_trustedDomainNameToIndex","line":73,"loc":{"start":{"line":73,"column":4},"end":{"line":75,"column":4}}},"10":{"name":"_toLowerCase","line":77,"loc":{"start":{"line":77,"column":4},"end":{"line":90,"column":4}}},"11":{"name":"_isValidDomainName","line":92,"loc":{"start":{"line":92,"column":4},"end":{"line":114,"column":4}}}},"statementMap":{"1":{"start":{"line":17,"column":8},"end":{"line":17,"column":99}},"2":{"start":{"line":18,"column":8},"end":{"line":18,"column":67}},"3":{"start":{"line":19,"column":8},"end":{"line":19,"column":60}},"4":{"start":{"line":20,"column":8},"end":{"line":20,"column":88}},"5":{"start":{"line":22,"column":8},"end":{"line":22,"column":35}},"6":{"start":{"line":23,"column":8},"end":{"line":23,"column":50}},"7":{"start":{"line":24,"column":8},"end":{"line":24,"column":44}},"8":{"start":{"line":28,"column":8},"end":{"line":28,"column":67}},"9":{"start":{"line":29,"column":8},"end":{"line":29,"column":60}},"10":{"start":{"line":30,"column":8},"end":{"line":30,"column":95}},"11":{"start":{"line":31,"column":8},"end":{"line":31,"column":65}},"12":{"start":{"line":32,"column":8},"end":{"line":32,"column":46}},"13":{"start":{"line":35,"column":8},"end":{"line":35,"column":62}},"14":{"start":{"line":36,"column":8},"end":{"line":36,"column":82}},"15":{"start":{"line":37,"column":8},"end":{"line":37,"column":80}},"16":{"start":{"line":38,"column":8},"end":{"line":38,"column":80}},"17":{"start":{"line":39,"column":8},"end":{"line":39,"column":31}},"18":{"start":{"line":44,"column":8},"end":{"line":44,"column":60}},"19":{"start":{"line":46,"column":8},"end":{"line":46,"column":71}},"20":{"start":{"line":50,"column":8},"end":{"line":50,"column":102}},"21":{"start":{"line":51,"column":8},"end":{"line":51,"column":95}},"22":{"start":{"line":53,"column":8},"end":{"line":53,"column":26}},"23":{"start":{"line":57,"column":8},"end":{"line":57,"column":40}},"24":{"start":{"line":61,"column":8},"end":{"line":61,"column":102}},"25":{"start":{"line":62,"column":8},"end":{"line":62,"column":31}},"26":{"start":{"line":66,"column":8},"end":{"line":66,"column":51}},"27":{"start":{"line":70,"column":8},"end":{"line":70,"column":68}},"28":{"start":{"line":74,"column":8},"end":{"line":74,"column":65}},"29":{"start":{"line":78,"column":8},"end":{"line":78,"column":38}},"30":{"start":{"line":79,"column":8},"end":{"line":79,"column":52}},"31":{"start":{"line":80,"column":8},"end":{"line":80,"column":3435}},"32":{"start":{"line":82,"column":12},"end":{"line":82,"column":3530}},"33":{"start":{"line":84,"column":16},"end":{"line":84,"column":54}},"34":{"start":{"line":86,"column":16},"end":{"line":86,"column":34}},"35":{"start":{"line":89,"column":8},"end":{"line":89,"column":29}},"36":{"start":{"line":93,"column":8},"end":{"line":93,"column":52}},"37":{"start":{"line":94,"column":8},"end":{"line":94,"column":3962}},"38":{"start":{"line":95,"column":12},"end":{"line":95,"column":24}},"39":{"start":{"line":97,"column":8},"end":{"line":97,"column":26}},"40":{"start":{"line":98,"column":8},"end":{"line":98,"column":34}},"41":{"start":{"line":99,"column":8},"end":{"line":99,"column":4099}},"42":{"start":{"line":100,"column":12},"end":{"line":100,"column":4161}},"43":{"start":{"line":108,"column":16},"end":{"line":108,"column":28}},"44":{"start":{"line":110,"column":12},"end":{"line":110,"column":67}},"45":{"start":{"line":110,"column":45},"end":{"line":110,"column":64}},"46":{"start":{"line":111,"column":12},"end":{"line":111,"column":42}},"47":{"start":{"line":113,"column":8},"end":{"line":113,"column":28}}},"branchMap":{"1":{"line":17,"type":"if","locations":[{"start":{"line":17,"column":8},"end":{"line":17,"column":8}},{"start":{"line":17,"column":8},"end":{"line":17,"column":8}}]},"2":{"line":20,"type":"if","locations":[{"start":{"line":20,"column":8},"end":{"line":20,"column":8}},{"start":{"line":20,"column":8},"end":{"line":20,"column":8}}]},"3":{"line":30,"type":"if","locations":[{"start":{"line":30,"column":8},"end":{"line":30,"column":8}},{"start":{"line":30,"column":8},"end":{"line":30,"column":8}}]},"4":{"line":31,"type":"if","locations":[{"start":{"line":31,"column":8},"end":{"line":31,"column":8}},{"start":{"line":31,"column":8},"end":{"line":31,"column":8}}]},"5":{"line":44,"type":"if","locations":[{"start":{"line":44,"column":8},"end":{"line":44,"column":8}},{"start":{"line":44,"column":8},"end":{"line":44,"column":8}}]},"6":{"line":51,"type":"if","locations":[{"start":{"line":51,"column":8},"end":{"line":51,"column":8}},{"start":{"line":51,"column":8},"end":{"line":51,"column":8}}]},"7":{"line":82,"type":"if","locations":[{"start":{"line":82,"column":12},"end":{"line":82,"column":12}},{"start":{"line":82,"column":12},"end":{"line":82,"column":12}}]},"8":{"line":94,"type":"if","locations":[{"start":{"line":94,"column":8},"end":{"line":94,"column":8}},{"start":{"line":94,"column":8},"end":{"line":94,"column":8}}]},"9":{"line":100,"type":"if","locations":[{"start":{"line":100,"column":12},"end":{"line":100,"column":12}},{"start":{"line":100,"column":12},"end":{"line":100,"column":12}}]},"10":{"line":110,"type":"if","locations":[{"start":{"line":110,"column":12},"end":{"line":110,"column":12}},{"start":{"line":110,"column":12},"end":{"line":110,"column":12}}]}}},
"contracts/Relations/ProtocolExecutorRelation.sol":{"l":{"27":33,"28":33,"35":21,"36":20,"38":19,"39":19,"41":19,"42":19,"43":19,"44":19,"45":19,"46":19,"47":19,"48":19,"49":19,"51":19,"54":19,"55":14,"63":4,"64":4,"67":4,"68":4,"70":4,"73":4,"74":4,"75":4,"76":4,"79":4,"80":4,"81":4,"82":4,"85":4,"86":4,"87":4,"88":4,"91":4,"94":4,"97":4,"98":1,"107":32,"108":32,"116":4,"124":6,"132":6,"133":6,"135":6,"136":6,"144":2,"145":2,"153":5,"154":5,"155":5,"157":5,"158":5,"166":43},"path":"/Users/h0tmilk/Documents/Certimio/contracts/Relations/ProtocolExecutorRelation.sol","s":{"1":33,"2":33,"3":21,"4":20,"5":19,"6":19,"7":19,"8":19,"9":19,"10":19,"11":19,"12":19,"13":19,"14":19,"15":19,"16":19,"17":19,"18":14,"19":4,"20":4,"21":4,"22":4,"23":4,"24":4,"25":4,"26":4,"27":4,"28":4,"29":4,"30":4,"31":4,"32":4,"33":4,"34":4,"35":4,"36":4,"37":1,"38":32,"39":32,"40":4,"41":6,"42":6,"43":6,"44":6,"45":6,"46":2,"47":2,"48":5,"49":5,"50":5,"51":5,"52":5,"53":43},"b":{"1":[20,1],"2":[19,1],"3":[14,5],"4":[4,0],"5":[4,0],"6":[1,3],"7":[6,0],"8":[5,0]},"f":{"1":33,"2":21,"3":4,"4":32,"5":4,"6":6,"7":6,"8":2,"9":5,"10":43},"fnMap":{"1":{"name":"constructor","line":26,"loc":{"start":{"line":26,"column":4},"end":{"line":29,"column":4}}},"2":{"name":"allowExecutor","line":33,"loc":{"start":{"line":31,"column":4},"end":{"line":57,"column":4}}},"3":{"name":"disallowExecutor","line":61,"loc":{"start":{"line":59,"column":4},"end":{"line":100,"column":4}}},"4":{"name":"isAllowed","line":102,"loc":{"start":{"line":102,"column":4},"end":{"line":109,"column":4}}},"5":{"name":"getRelationsTotalCount","line":111,"loc":{"start":{"line":111,"column":4},"end":{"line":117,"column":4}}},"6":{"name":"getAllowedProtocolCount","line":119,"loc":{"start":{"line":119,"column":4},"end":{"line":125,"column":4}}},"7":{"name":"getAllowedProtocolId","line":127,"loc":{"start":{"line":127,"column":4},"end":{"line":137,"column":4}}},"8":{"name":"getAllowedExecutorCount","line":139,"loc":{"start":{"line":139,"column":4},"end":{"line":146,"column":4}}},"9":{"name":"getAllowedExecutorId","line":148,"loc":{"start":{"line":148,"column":4},"end":{"line":159,"column":4}}},"10":{"name":"_isAllowed","line":161,"loc":{"start":{"line":161,"column":4},"end":{"line":167,"column":4}}}},"statementMap":{"1":{"start":{"line":27,"column":8},"end":{"line":27,"column":71}},"2":{"start":{"line":28,"column":8},"end":{"line":28,"column":71}},"3":{"start":{"line":35,"column":8},"end":{"line":35,"column":84}},"4":{"start":{"line":36,"column":8},"end":{"line":36,"column":89}},"5":{"start":{"line":38,"column":8},"end":{"line":38,"column":81}},"6":{"start":{"line":39,"column":8},"end":{"line":39,"column":79}},"7":{"start":{"line":41,"column":8},"end":{"line":41,"column":59}},"8":{"start":{"line":42,"column":8},"end":{"line":42,"column":47}},"9":{"start":{"line":43,"column":8},"end":{"line":43,"column":36}},"10":{"start":{"line":44,"column":8},"end":{"line":44,"column":29}},"11":{"start":{"line":45,"column":8},"end":{"line":45,"column":52}},"12":{"start":{"line":46,"column":8},"end":{"line":46,"column":60}},"13":{"start":{"line":47,"column":8},"end":{"line":47,"column":93}},"14":{"start":{"line":48,"column":8},"end":{"line":48,"column":54}},"15":{"start":{"line":49,"column":8},"end":{"line":49,"column":87}},"16":{"start":{"line":51,"column":8},"end":{"line":51,"column":64}},"17":{"start":{"line":54,"column":8},"end":{"line":54,"column":2493}},"18":{"start":{"line":55,"column":12},"end":{"line":55,"column":50}},"19":{"start":{"line":63,"column":8},"end":{"line":63,"column":84}},"20":{"start":{"line":64,"column":8},"end":{"line":64,"column":84}},"21":{"start":{"line":67,"column":8},"end":{"line":67,"column":81}},"22":{"start":{"line":68,"column":8},"end":{"line":68,"column":73}},"23":{"start":{"line":70,"column":8},"end":{"line":70,"column":59}},"24":{"start":{"line":73,"column":8},"end":{"line":73,"column":69}},"25":{"start":{"line":74,"column":8},"end":{"line":74,"column":66}},"26":{"start":{"line":75,"column":8},"end":{"line":75,"column":56}},"27":{"start":{"line":76,"column":8},"end":{"line":76,"column":25}},"28":{"start":{"line":79,"column":8},"end":{"line":79,"column":122}},"29":{"start":{"line":80,"column":8},"end":{"line":80,"column":86}},"30":{"start":{"line":81,"column":8},"end":{"line":81,"column":97}},"31":{"start":{"line":82,"column":8},"end":{"line":82,"column":56}},"32":{"start":{"line":85,"column":8},"end":{"line":85,"column":110}},"33":{"start":{"line":86,"column":8},"end":{"line":86,"column":86}},"34":{"start":{"line":87,"column":8},"end":{"line":87,"column":91}},"35":{"start":{"line":88,"column":8},"end":{"line":88,"column":50}},"36":{"start":{"line":97,"column":8},"end":{"line":97,"column":4456}},"37":{"start":{"line":98,"column":12},"end":{"line":98,"column":53}},"38":{"start":{"line":107,"column":8},"end":{"line":107,"column":79}},"39":{"start":{"line":108,"column":8},"end":{"line":108,"column":78}},"40":{"start":{"line":116,"column":8},"end":{"line":116,"column":34}},"41":{"start":{"line":124,"column":8},"end":{"line":124,"column":65}},"42":{"start":{"line":132,"column":8},"end":{"line":132,"column":72}},"43":{"start":{"line":133,"column":8},"end":{"line":133,"column":63}},"44":{"start":{"line":135,"column":8},"end":{"line":135,"column":59}},"45":{"start":{"line":136,"column":8},"end":{"line":136,"column":70}},"46":{"start":{"line":144,"column":8},"end":{"line":144,"column":79}},"47":{"start":{"line":145,"column":8},"end":{"line":145,"column":59}},"48":{"start":{"line":153,"column":8},"end":{"line":153,"column":79}},"49":{"start":{"line":154,"column":8},"end":{"line":154,"column":66}},"50":{"start":{"line":155,"column":8},"end":{"line":155,"column":63}},"51":{"start":{"line":157,"column":8},"end":{"line":157,"column":59}},"52":{"start":{"line":158,"column":8},"end":{"line":158,"column":36}},"53":{"start":{"line":166,"column":8},"end":{"line":166,"column":23}}},"branchMap":{"1":{"line":35,"type":"if","locations":[{"start":{"line":35,"column":8},"end":{"line":35,"column":8}},{"start":{"line":35,"column":8},"end":{"line":35,"column":8}}]},"2":{"line":36,"type":"if","locations":[{"start":{"line":36,"column":8},"end":{"line":36,"column":8}},{"start":{"line":36,"column":8},"end":{"line":36,"column":8}}]},"3":{"line":54,"type":"if","locations":[{"start":{"line":54,"column":8},"end":{"line":54,"column":8}},{"start":{"line":54,"column":8},"end":{"line":54,"column":8}}]},"4":{"line":63,"type":"if","locations":[{"start":{"line":63,"column":8},"end":{"line":63,"column":8}},{"start":{"line":63,"column":8},"end":{"line":63,"column":8}}]},"5":{"line":64,"type":"if","locations":[{"start":{"line":64,"column":8},"end":{"line":64,"column":8}},{"start":{"line":64,"column":8},"end":{"line":64,"column":8}}]},"6":{"line":97,"type":"if","locations":[{"start":{"line":97,"column":8},"end":{"line":97,"column":8}},{"start":{"line":97,"column":8},"end":{"line":97,"column":8}}]},"7":{"line":133,"type":"if","locations":[{"start":{"line":133,"column":8},"end":{"line":133,"column":8}},{"start":{"line":133,"column":8},"end":{"line":133,"column":8}}]},"8":{"line":155,"type":"if","locations":[{"start":{"line":155,"column":8},"end":{"line":155,"column":8}},{"start":{"line":155,"column":8},"end":{"line":155,"column":8}}]}}}}
