{
"contracts/Registries/AddressesRegistry.sol":{"l":{"17":27,"18":27,"20":27,"21":27,"22":27,"26":6,"27":6,"28":5,"29":5,"32":5,"33":5,"34":5,"35":5,"36":5,"37":5,"41":8,"43":8,"47":8,"48":8,"50":8,"54":4,"58":28,"59":28,"63":69,"67":13},"path":"/Users/h0tmilk/Documents/Certimio/contracts/Registries/AddressesRegistry.sol","s":{"1":27,"2":27,"3":27,"4":27,"5":27,"6":6,"7":6,"8":5,"9":5,"10":5,"11":5,"12":5,"13":5,"14":5,"15":8,"16":8,"17":8,"18":8,"19":8,"20":4,"21":28,"22":28,"23":69,"24":13},"b":{"1":[27,0],"2":[5,1],"3":[5,0],"4":[8,0],"5":[8,0]},"f":{"1":27,"2":6,"3":8,"4":8,"5":4,"6":28,"7":69,"8":13},"fnMap":{"1":{"name":"add","line":16,"loc":{"start":{"line":16,"column":4},"end":{"line":23,"column":4}}},"2":{"name":"remove","line":25,"loc":{"start":{"line":25,"column":4},"end":{"line":38,"column":4}}},"3":{"name":"getByIndex","line":40,"loc":{"start":{"line":40,"column":4},"end":{"line":44,"column":4}}},"4":{"name":"getAddressId","line":46,"loc":{"start":{"line":46,"column":4},"end":{"line":51,"column":4}}},"5":{"name":"size","line":53,"loc":{"start":{"line":53,"column":4},"end":{"line":55,"column":4}}},"6":{"name":"contains","line":57,"loc":{"start":{"line":57,"column":4},"end":{"line":60,"column":4}}},"7":{"name":"_contains","line":62,"loc":{"start":{"line":62,"column":4},"end":{"line":64,"column":4}}},"8":{"name":"_isInRange","line":66,"loc":{"start":{"line":66,"column":4},"end":{"line":68,"column":4}}}},"statementMap":{"1":{"start":{"line":17,"column":8},"end":{"line":17,"column":54}},"2":{"start":{"line":18,"column":8},"end":{"line":18,"column":59}},"3":{"start":{"line":20,"column":8},"end":{"line":20,"column":35}},"4":{"start":{"line":21,"column":8},"end":{"line":21,"column":45}},"5":{"start":{"line":22,"column":8},"end":{"line":22,"column":26}},"6":{"start":{"line":26,"column":8},"end":{"line":26,"column":54}},"7":{"start":{"line":27,"column":8},"end":{"line":27,"column":66}},"8":{"start":{"line":28,"column":8},"end":{"line":28,"column":65}},"9":{"start":{"line":29,"column":8},"end":{"line":29,"column":46}},"10":{"start":{"line":32,"column":8},"end":{"line":32,"column":57}},"11":{"start":{"line":33,"column":8},"end":{"line":33,"column":64}},"12":{"start":{"line":34,"column":8},"end":{"line":34,"column":62}},"13":{"start":{"line":35,"column":8},"end":{"line":35,"column":70}},"14":{"start":{"line":36,"column":8},"end":{"line":36,"column":26}},"15":{"start":{"line":41,"column":8},"end":{"line":41,"column":60}},"16":{"start":{"line":43,"column":8},"end":{"line":43,"column":36}},"17":{"start":{"line":47,"column":8},"end":{"line":47,"column":54}},"18":{"start":{"line":48,"column":8},"end":{"line":48,"column":66}},"19":{"start":{"line":50,"column":8},"end":{"line":50,"column":42}},"20":{"start":{"line":54,"column":8},"end":{"line":54,"column":35}},"21":{"start":{"line":58,"column":8},"end":{"line":58,"column":54}},"22":{"start":{"line":59,"column":8},"end":{"line":59,"column":31}},"23":{"start":{"line":63,"column":8},"end":{"line":63,"column":28}},"24":{"start":{"line":67,"column":8},"end":{"line":67,"column":63}}},"branchMap":{"1":{"line":18,"type":"if","locations":[{"start":{"line":18,"column":8},"end":{"line":18,"column":8}},{"start":{"line":18,"column":8},"end":{"line":18,"column":8}}]},"2":{"line":27,"type":"if","locations":[{"start":{"line":27,"column":8},"end":{"line":27,"column":8}},{"start":{"line":27,"column":8},"end":{"line":27,"column":8}}]},"3":{"line":28,"type":"if","locations":[{"start":{"line":28,"column":8},"end":{"line":28,"column":8}},{"start":{"line":28,"column":8},"end":{"line":28,"column":8}}]},"4":{"line":41,"type":"if","locations":[{"start":{"line":41,"column":8},"end":{"line":41,"column":8}},{"start":{"line":41,"column":8},"end":{"line":41,"column":8}}]},"5":{"line":48,"type":"if","locations":[{"start":{"line":48,"column":8},"end":{"line":48,"column":8}},{"start":{"line":48,"column":8},"end":{"line":48,"column":8}}]}}},
"contracts/Registries/DomainNamesRegistry.sol":{"l":{"12":8,"13":2,"17":8,"18":8,"19":1,"21":7,"22":7,"23":7,"24":68,"32":4,"34":64,"35":64,"37":3},"path":"/Users/h0tmilk/Documents/Certimio/contracts/Registries/DomainNamesRegistry.sol","s":{"1":8,"2":2,"3":8,"4":8,"5":1,"6":7,"7":7,"8":7,"9":68,"10":4,"11":64,"12":3,"13":64,"14":3},"b":{"1":[2,6],"2":[1,7],"3":[4,64],"4":[3,61]},"f":{"1":9,"2":8,"3":8},"fnMap":{"1":{"name":"constructor","line":9,"loc":{"start":{"line":9,"column":4},"end":{"line":9,"column":69}}},"2":{"name":"add","line":11,"loc":{"start":{"line":11,"column":4},"end":{"line":14,"column":4}}},"3":{"name":"_isValidDomainName","line":16,"loc":{"start":{"line":16,"column":4},"end":{"line":38,"column":4}}}},"statementMap":{"1":{"start":{"line":12,"column":8},"end":{"line":12,"column":66}},"2":{"start":{"line":13,"column":8},"end":{"line":13,"column":25}},"3":{"start":{"line":17,"column":8},"end":{"line":17,"column":52}},"4":{"start":{"line":18,"column":8},"end":{"line":18,"column":590}},"5":{"start":{"line":19,"column":12},"end":{"line":19,"column":24}},"6":{"start":{"line":21,"column":8},"end":{"line":21,"column":26}},"7":{"start":{"line":22,"column":8},"end":{"line":22,"column":34}},"8":{"start":{"line":23,"column":8},"end":{"line":23,"column":727}},"9":{"start":{"line":24,"column":12},"end":{"line":24,"column":789}},"10":{"start":{"line":32,"column":16},"end":{"line":32,"column":28}},"11":{"start":{"line":34,"column":12},"end":{"line":34,"column":67}},"12":{"start":{"line":34,"column":45},"end":{"line":34,"column":64}},"13":{"start":{"line":35,"column":12},"end":{"line":35,"column":42}},"14":{"start":{"line":37,"column":8},"end":{"line":37,"column":28}}},"branchMap":{"1":{"line":12,"type":"if","locations":[{"start":{"line":12,"column":8},"end":{"line":12,"column":8}},{"start":{"line":12,"column":8},"end":{"line":12,"column":8}}]},"2":{"line":18,"type":"if","locations":[{"start":{"line":18,"column":8},"end":{"line":18,"column":8}},{"start":{"line":18,"column":8},"end":{"line":18,"column":8}}]},"3":{"line":24,"type":"if","locations":[{"start":{"line":24,"column":12},"end":{"line":24,"column":12}},{"start":{"line":24,"column":12},"end":{"line":24,"column":12}}]},"4":{"line":34,"type":"if","locations":[{"start":{"line":34,"column":12},"end":{"line":34,"column":12}},{"start":{"line":34,"column":12},"end":{"line":34,"column":12}}]}}},
"contracts/Registries/StringsRegistry.sol":{"l":{"19":75,"23":50,"24":50,"25":50,"27":49,"28":49,"29":49,"33":5,"34":5,"35":5,"36":4,"37":4,"40":4,"41":4,"42":4,"43":4,"44":4,"45":4,"49":8,"51":8,"55":8,"56":8,"58":8,"62":13,"66":34,"67":34,"71":82,"75":12,"79":159,"83":6,"84":6,"88":159,"89":159,"90":159,"92":906,"94":433,"96":473,"99":159},"path":"/Users/h0tmilk/Documents/Certimio/contracts/Registries/StringsRegistry.sol","s":{"1":75,"2":50,"3":50,"4":50,"5":49,"6":49,"7":49,"8":5,"9":5,"10":5,"11":4,"12":4,"13":4,"14":4,"15":4,"16":4,"17":4,"18":8,"19":8,"20":8,"21":8,"22":8,"23":13,"24":34,"25":34,"26":82,"27":12,"28":159,"29":6,"30":6,"31":159,"32":159,"33":159,"34":906,"35":433,"36":473,"37":159},"b":{"1":[49,1],"2":[4,1],"3":[4,0],"4":[8,0],"5":[8,0],"6":[433,473]},"f":{"1":75,"2":50,"3":5,"4":8,"5":8,"6":13,"7":34,"8":82,"9":12,"10":159,"11":6,"12":159},"fnMap":{"1":{"name":"constructor","line":18,"loc":{"start":{"line":18,"column":4},"end":{"line":20,"column":4}}},"2":{"name":"add","line":22,"loc":{"start":{"line":22,"column":4},"end":{"line":30,"column":4}}},"3":{"name":"remove","line":32,"loc":{"start":{"line":32,"column":4},"end":{"line":46,"column":4}}},"4":{"name":"getByIndex","line":48,"loc":{"start":{"line":48,"column":4},"end":{"line":52,"column":4}}},"5":{"name":"getStringId","line":54,"loc":{"start":{"line":54,"column":4},"end":{"line":59,"column":4}}},"6":{"name":"size","line":61,"loc":{"start":{"line":61,"column":4},"end":{"line":63,"column":4}}},"7":{"name":"contains","line":65,"loc":{"start":{"line":65,"column":4},"end":{"line":68,"column":4}}},"8":{"name":"_contains","line":70,"loc":{"start":{"line":70,"column":4},"end":{"line":72,"column":4}}},"9":{"name":"_isInRange","line":74,"loc":{"start":{"line":74,"column":4},"end":{"line":76,"column":4}}},"10":{"name":"stringToBytes","line":78,"loc":{"start":{"line":78,"column":4},"end":{"line":80,"column":4}}},"11":{"name":"bytesToStringName","line":82,"loc":{"start":{"line":82,"column":4},"end":{"line":85,"column":4}}},"12":{"name":"_toLowerCase","line":87,"loc":{"start":{"line":87,"column":4},"end":{"line":100,"column":4}}}},"statementMap":{"1":{"start":{"line":19,"column":8},"end":{"line":19,"column":35}},"2":{"start":{"line":23,"column":8},"end":{"line":23,"column":44}},"3":{"start":{"line":24,"column":8},"end":{"line":24,"column":46}},"4":{"start":{"line":25,"column":8},"end":{"line":25,"column":95}},"5":{"start":{"line":27,"column":8},"end":{"line":27,"column":28}},"6":{"start":{"line":28,"column":8},"end":{"line":28,"column":43}},"7":{"start":{"line":29,"column":8},"end":{"line":29,"column":35}},"8":{"start":{"line":33,"column":8},"end":{"line":33,"column":44}},"9":{"start":{"line":34,"column":8},"end":{"line":34,"column":46}},"10":{"start":{"line":35,"column":8},"end":{"line":35,"column":84}},"11":{"start":{"line":36,"column":8},"end":{"line":36,"column":65}},"12":{"start":{"line":37,"column":8},"end":{"line":37,"column":46}},"13":{"start":{"line":40,"column":8},"end":{"line":40,"column":55}},"14":{"start":{"line":41,"column":8},"end":{"line":41,"column":68}},"15":{"start":{"line":42,"column":8},"end":{"line":42,"column":66}},"16":{"start":{"line":43,"column":8},"end":{"line":43,"column":66}},"17":{"start":{"line":44,"column":8},"end":{"line":44,"column":24}},"18":{"start":{"line":49,"column":8},"end":{"line":49,"column":60}},"19":{"start":{"line":51,"column":8},"end":{"line":51,"column":59}},"20":{"start":{"line":55,"column":8},"end":{"line":55,"column":65}},"21":{"start":{"line":56,"column":8},"end":{"line":56,"column":84}},"22":{"start":{"line":58,"column":8},"end":{"line":58,"column":26}},"23":{"start":{"line":62,"column":8},"end":{"line":62,"column":33}},"24":{"start":{"line":66,"column":8},"end":{"line":66,"column":65}},"25":{"start":{"line":67,"column":8},"end":{"line":67,"column":31}},"26":{"start":{"line":71,"column":8},"end":{"line":71,"column":53}},"27":{"start":{"line":75,"column":8},"end":{"line":75,"column":61}},"28":{"start":{"line":79,"column":8},"end":{"line":79,"column":54}},"29":{"start":{"line":83,"column":8},"end":{"line":83,"column":55}},"30":{"start":{"line":84,"column":8},"end":{"line":84,"column":33}},"31":{"start":{"line":88,"column":8},"end":{"line":88,"column":38}},"32":{"start":{"line":89,"column":8},"end":{"line":89,"column":52}},"33":{"start":{"line":90,"column":8},"end":{"line":90,"column":3234}},"34":{"start":{"line":92,"column":12},"end":{"line":92,"column":3329}},"35":{"start":{"line":94,"column":16},"end":{"line":94,"column":54}},"36":{"start":{"line":96,"column":16},"end":{"line":96,"column":34}},"37":{"start":{"line":99,"column":8},"end":{"line":99,"column":29}}},"branchMap":{"1":{"line":25,"type":"if","locations":[{"start":{"line":25,"column":8},"end":{"line":25,"column":8}},{"start":{"line":25,"column":8},"end":{"line":25,"column":8}}]},"2":{"line":35,"type":"if","locations":[{"start":{"line":35,"column":8},"end":{"line":35,"column":8}},{"start":{"line":35,"column":8},"end":{"line":35,"column":8}}]},"3":{"line":36,"type":"if","locations":[{"start":{"line":36,"column":8},"end":{"line":36,"column":8}},{"start":{"line":36,"column":8},"end":{"line":36,"column":8}}]},"4":{"line":49,"type":"if","locations":[{"start":{"line":49,"column":8},"end":{"line":49,"column":8}},{"start":{"line":49,"column":8},"end":{"line":49,"column":8}}]},"5":{"line":56,"type":"if","locations":[{"start":{"line":56,"column":8},"end":{"line":56,"column":8}},{"start":{"line":56,"column":8},"end":{"line":56,"column":8}}]},"6":{"line":92,"type":"if","locations":[{"start":{"line":92,"column":12},"end":{"line":92,"column":12}},{"start":{"line":92,"column":12},"end":{"line":92,"column":12}}]}}},
"contracts/Relations/AddressesToStringsLink.sol":{"l":{"27":33,"28":33,"35":21,"36":20,"38":19,"39":19,"41":19,"42":19,"43":19,"44":19,"45":19,"46":19,"47":19,"48":19,"49":19,"51":19,"54":19,"55":14,"63":4,"64":4,"67":4,"68":4,"70":4,"73":4,"74":4,"75":4,"76":4,"79":4,"80":4,"81":4,"82":4,"85":4,"86":4,"87":4,"88":4,"91":4,"94":4,"97":4,"98":1,"107":32,"108":32,"116":4,"124":6,"132":6,"133":6,"135":6,"136":6,"144":2,"145":2,"153":5,"154":5,"155":5,"157":5,"158":5,"166":43},"path":"/Users/h0tmilk/Documents/Certimio/contracts/Relations/AddressesToStringsLink.sol","s":{"1":33,"2":33,"3":21,"4":20,"5":19,"6":19,"7":19,"8":19,"9":19,"10":19,"11":19,"12":19,"13":19,"14":19,"15":19,"16":19,"17":19,"18":14,"19":4,"20":4,"21":4,"22":4,"23":4,"24":4,"25":4,"26":4,"27":4,"28":4,"29":4,"30":4,"31":4,"32":4,"33":4,"34":4,"35":4,"36":4,"37":1,"38":32,"39":32,"40":4,"41":6,"42":6,"43":6,"44":6,"45":6,"46":2,"47":2,"48":5,"49":5,"50":5,"51":5,"52":5,"53":43},"b":{"1":[20,1],"2":[19,1],"3":[14,5],"4":[4,0],"5":[4,0],"6":[1,3],"7":[6,0],"8":[5,0]},"f":{"1":33,"2":21,"3":4,"4":32,"5":4,"6":6,"7":6,"8":2,"9":5,"10":43},"fnMap":{"1":{"name":"constructor","line":26,"loc":{"start":{"line":26,"column":4},"end":{"line":29,"column":4}}},"2":{"name":"linkAddress","line":33,"loc":{"start":{"line":31,"column":4},"end":{"line":57,"column":4}}},"3":{"name":"unlinkAddress","line":61,"loc":{"start":{"line":59,"column":4},"end":{"line":100,"column":4}}},"4":{"name":"isLinked","line":102,"loc":{"start":{"line":102,"column":4},"end":{"line":109,"column":4}}},"5":{"name":"getLinksTotalCount","line":111,"loc":{"start":{"line":111,"column":4},"end":{"line":117,"column":4}}},"6":{"name":"getLinkedStringsCount","line":119,"loc":{"start":{"line":119,"column":4},"end":{"line":125,"column":4}}},"7":{"name":"getLinkedStringById","line":127,"loc":{"start":{"line":127,"column":4},"end":{"line":137,"column":4}}},"8":{"name":"getLinkedAddressesCount","line":139,"loc":{"start":{"line":139,"column":4},"end":{"line":146,"column":4}}},"9":{"name":"getLinkedAddressById","line":148,"loc":{"start":{"line":148,"column":4},"end":{"line":159,"column":4}}},"10":{"name":"_isLinked","line":161,"loc":{"start":{"line":161,"column":4},"end":{"line":167,"column":4}}}},"statementMap":{"1":{"start":{"line":27,"column":8},"end":{"line":27,"column":71}},"2":{"start":{"line":28,"column":8},"end":{"line":28,"column":65}},"3":{"start":{"line":35,"column":8},"end":{"line":35,"column":78}},"4":{"start":{"line":36,"column":8},"end":{"line":36,"column":83}},"5":{"start":{"line":38,"column":8},"end":{"line":38,"column":69}},"6":{"start":{"line":39,"column":8},"end":{"line":39,"column":76}},"7":{"start":{"line":41,"column":8},"end":{"line":41,"column":56}},"8":{"start":{"line":42,"column":8},"end":{"line":42,"column":45}},"9":{"start":{"line":43,"column":8},"end":{"line":43,"column":32}},"10":{"start":{"line":44,"column":8},"end":{"line":44,"column":29}},"11":{"start":{"line":45,"column":8},"end":{"line":45,"column":52}},"12":{"start":{"line":46,"column":8},"end":{"line":46,"column":56}},"13":{"start":{"line":47,"column":8},"end":{"line":47,"column":86}},"14":{"start":{"line":48,"column":8},"end":{"line":48,"column":49}},"15":{"start":{"line":49,"column":8},"end":{"line":49,"column":79}},"16":{"start":{"line":51,"column":8},"end":{"line":51,"column":58}},"17":{"start":{"line":54,"column":8},"end":{"line":54,"column":2374}},"18":{"start":{"line":55,"column":12},"end":{"line":55,"column":49}},"19":{"start":{"line":63,"column":8},"end":{"line":63,"column":78}},"20":{"start":{"line":64,"column":8},"end":{"line":64,"column":78}},"21":{"start":{"line":67,"column":8},"end":{"line":67,"column":69}},"22":{"start":{"line":68,"column":8},"end":{"line":68,"column":67}},"23":{"start":{"line":70,"column":8},"end":{"line":70,"column":56}},"24":{"start":{"line":73,"column":8},"end":{"line":73,"column":69}},"25":{"start":{"line":74,"column":8},"end":{"line":74,"column":66}},"26":{"start":{"line":75,"column":8},"end":{"line":75,"column":56}},"27":{"start":{"line":76,"column":8},"end":{"line":76,"column":25}},"28":{"start":{"line":79,"column":8},"end":{"line":79,"column":114}},"29":{"start":{"line":80,"column":8},"end":{"line":80,"column":80}},"30":{"start":{"line":81,"column":8},"end":{"line":81,"column":90}},"31":{"start":{"line":82,"column":8},"end":{"line":82,"column":52}},"32":{"start":{"line":85,"column":8},"end":{"line":85,"column":100}},"33":{"start":{"line":86,"column":8},"end":{"line":86,"column":80}},"34":{"start":{"line":87,"column":8},"end":{"line":87,"column":83}},"35":{"start":{"line":88,"column":8},"end":{"line":88,"column":45}},"36":{"start":{"line":97,"column":8},"end":{"line":97,"column":4224}},"37":{"start":{"line":98,"column":12},"end":{"line":98,"column":52}},"38":{"start":{"line":107,"column":8},"end":{"line":107,"column":67}},"39":{"start":{"line":108,"column":8},"end":{"line":108,"column":71}},"40":{"start":{"line":116,"column":8},"end":{"line":116,"column":34}},"41":{"start":{"line":124,"column":8},"end":{"line":124,"column":61}},"42":{"start":{"line":132,"column":8},"end":{"line":132,"column":68}},"43":{"start":{"line":133,"column":8},"end":{"line":133,"column":62}},"44":{"start":{"line":135,"column":8},"end":{"line":135,"column":56}},"45":{"start":{"line":136,"column":8},"end":{"line":136,"column":64}},"46":{"start":{"line":144,"column":8},"end":{"line":144,"column":67}},"47":{"start":{"line":145,"column":8},"end":{"line":145,"column":54}},"48":{"start":{"line":153,"column":8},"end":{"line":153,"column":67}},"49":{"start":{"line":154,"column":8},"end":{"line":154,"column":61}},"50":{"start":{"line":155,"column":8},"end":{"line":155,"column":62}},"51":{"start":{"line":157,"column":8},"end":{"line":157,"column":56}},"52":{"start":{"line":158,"column":8},"end":{"line":158,"column":35}},"53":{"start":{"line":166,"column":8},"end":{"line":166,"column":23}}},"branchMap":{"1":{"line":35,"type":"if","locations":[{"start":{"line":35,"column":8},"end":{"line":35,"column":8}},{"start":{"line":35,"column":8},"end":{"line":35,"column":8}}]},"2":{"line":36,"type":"if","locations":[{"start":{"line":36,"column":8},"end":{"line":36,"column":8}},{"start":{"line":36,"column":8},"end":{"line":36,"column":8}}]},"3":{"line":54,"type":"if","locations":[{"start":{"line":54,"column":8},"end":{"line":54,"column":8}},{"start":{"line":54,"column":8},"end":{"line":54,"column":8}}]},"4":{"line":63,"type":"if","locations":[{"start":{"line":63,"column":8},"end":{"line":63,"column":8}},{"start":{"line":63,"column":8},"end":{"line":63,"column":8}}]},"5":{"line":64,"type":"if","locations":[{"start":{"line":64,"column":8},"end":{"line":64,"column":8}},{"start":{"line":64,"column":8},"end":{"line":64,"column":8}}]},"6":{"line":97,"type":"if","locations":[{"start":{"line":97,"column":8},"end":{"line":97,"column":8}},{"start":{"line":97,"column":8},"end":{"line":97,"column":8}}]},"7":{"line":133,"type":"if","locations":[{"start":{"line":133,"column":8},"end":{"line":133,"column":8}},{"start":{"line":133,"column":8},"end":{"line":133,"column":8}}]},"8":{"line":155,"type":"if","locations":[{"start":{"line":155,"column":8},"end":{"line":155,"column":8}},{"start":{"line":155,"column":8},"end":{"line":155,"column":8}}]}}}}
