TN:
SF:/Users/h0tmilk/Documents/ApeGuard/contracts/AccessControl/AllowedAddresses.sol
FN:7,constructor
FN:11,allowAddress
FN:15,disallowAddress
FN:19,onlyAllowedSender
FNF:4
FNH:3
FNDA:102,constructor
FNDA:18,allowAddress
FNDA:0,disallowAddress
FNDA:88,onlyAllowedSender
DA:8,102
DA:12,18
DA:16,0
DA:20,88
DA:21,82
LF:5
LH:4
BRDA:20,1,0,82
BRDA:20,1,1,6
BRF:2
BRH:2
end_of_record
TN:
SF:/Users/h0tmilk/Documents/ApeGuard/contracts/ApeGuardGovernance.sol
FN:17,constructor
FN:22,votingDelay
FN:31,votingPeriod
FN:40,quorum
FN:49,state
FN:58,propose
FN:66,proposalThreshold
FN:75,_execute
FN:82,_cancel
FN:90,_executor
FN:99,supportsInterface
FNF:11
FNH:0
FNDA:0,constructor
FNDA:0,votingDelay
FNDA:0,votingPeriod
FNDA:0,quorum
FNDA:0,state
FNDA:0,propose
FNDA:0,proposalThreshold
FNDA:0,_execute
FNDA:0,_cancel
FNDA:0,_executor
FNDA:0,supportsInterface
DA:28,0
DA:37,0
DA:46,0
DA:55,0
DA:63,0
DA:72,0
DA:79,0
DA:87,0
DA:96,0
DA:105,0
LF:10
LH:0
BRF:0
BRH:0
end_of_record
TN:
SF:/Users/h0tmilk/Documents/ApeGuard/contracts/ApeGuardToken.sol
FN:9,constructor
FN:15,_afterTokenTransfer
FN:22,_mint
FN:29,_burn
FNF:4
FNH:0
FNDA:0,constructor
FNDA:0,_afterTokenTransfer
FNDA:0,_mint
FNDA:0,_burn
DA:10,0
DA:19,0
DA:26,0
DA:33,0
LF:4
LH:0
BRF:0
BRH:0
end_of_record
TN:
SF:/Users/h0tmilk/Documents/ApeGuard/contracts/Registries/AddressesRegistry.sol
FN:16,constructor
FN:18,add
FN:27,remove
FN:42,getByIndex
FN:48,getAddressId
FN:55,size
FN:59,contains
FN:64,_contains
FN:68,_isInRange
FNF:9
FNH:9
FNDA:33,constructor
FNDA:25,add
FNDA:6,remove
FNDA:8,getByIndex
FNDA:8,getAddressId
FNDA:4,size
FNDA:13,contains
FNDA:52,_contains
FNDA:13,_isInRange
DA:19,25
DA:20,25
DA:22,25
DA:23,25
DA:24,25
DA:28,6
DA:29,6
DA:30,5
DA:31,5
DA:34,5
DA:35,5
DA:36,5
DA:37,5
DA:38,5
DA:39,5
DA:43,8
DA:45,8
DA:49,8
DA:50,8
DA:52,8
DA:56,4
DA:60,13
DA:61,13
DA:65,52
DA:69,13
LF:25
LH:25
BRDA:20,1,0,25
BRDA:20,1,1,0
BRDA:29,2,0,5
BRDA:29,2,1,1
BRDA:30,3,0,5
BRDA:30,3,1,0
BRDA:43,4,0,8
BRDA:43,4,1,0
BRDA:50,5,0,8
BRDA:50,5,1,0
BRF:10
BRH:6
end_of_record
TN:
SF:/Users/h0tmilk/Documents/ApeGuard/contracts/Registries/DomainNamesRegistry.sol
FN:9,constructor
FN:11,add
FN:16,_isValidDomainName
FNF:3
FNH:3
FNDA:9,constructor
FNDA:8,add
FNDA:8,_isValidDomainName
DA:12,8
DA:13,2
DA:17,8
DA:18,8
DA:19,1
DA:21,7
DA:22,7
DA:23,7
DA:24,68
DA:32,4
DA:34,64
DA:35,64
DA:37,3
LF:13
LH:13
BRDA:12,1,0,2
BRDA:12,1,1,6
BRDA:18,2,0,1
BRDA:18,2,1,7
BRDA:24,3,0,4
BRDA:24,3,1,64
BRDA:34,4,0,3
BRDA:34,4,1,61
BRF:8
BRH:8
end_of_record
TN:
SF:/Users/h0tmilk/Documents/ApeGuard/contracts/Registries/StringsRegistry.sol
FN:18,constructor
FN:22,add
FN:32,remove
FN:48,getByIndex
FN:54,getStringId
FN:61,size
FN:65,contains
FN:70,_contains
FN:74,_isInRange
FN:78,stringToBytes
FN:82,bytesToStringName
FN:87,_toLowerCase
FNF:12
FNH:12
FNDA:51,constructor
FNDA:26,add
FNDA:5,remove
FNDA:8,getByIndex
FNDA:8,getStringId
FNDA:13,size
FNDA:19,contains
FNDA:43,_contains
FNDA:12,_isInRange
FNDA:101,stringToBytes
FNDA:5,bytesToStringName
FNDA:101,_toLowerCase
DA:19,51
DA:23,26
DA:24,26
DA:25,26
DA:27,25
DA:28,25
DA:29,25
DA:33,5
DA:34,5
DA:35,5
DA:36,4
DA:37,4
DA:40,4
DA:41,4
DA:42,4
DA:43,4
DA:44,4
DA:45,4
DA:49,8
DA:51,8
DA:55,8
DA:56,8
DA:58,8
DA:62,13
DA:66,19
DA:67,19
DA:71,43
DA:75,12
DA:79,101
DA:83,5
DA:84,5
DA:88,101
DA:89,101
DA:90,101
DA:92,551
DA:94,294
DA:96,257
DA:99,101
LF:38
LH:38
BRDA:25,1,0,25
BRDA:25,1,1,1
BRDA:35,2,0,4
BRDA:35,2,1,1
BRDA:36,3,0,4
BRDA:36,3,1,0
BRDA:49,4,0,8
BRDA:49,4,1,0
BRDA:56,5,0,8
BRDA:56,5,1,0
BRDA:92,6,0,294
BRDA:92,6,1,257
BRF:12
BRH:9
end_of_record
TN:
SF:/Users/h0tmilk/Documents/ApeGuard/contracts/Relations/ProtocolsAddresses.sol
FN:13,constructor
FN:19,addAddress
FN:26,removeAddress
FN:31,owns
FN:39,protocolsAddressesCount
FN:47,ownersCount
FN:55,getOwnerProtocolById
FN:63,addressesCount
FN:71,getAddressById
FNF:9
FNH:9
FNDA:9,constructor
FNDA:8,addAddress
FNDA:2,removeAddress
FNDA:11,owns
FNDA:6,protocolsAddressesCount
FNDA:7,ownersCount
FNDA:7,getOwnerProtocolById
FNDA:5,addressesCount
FNDA:7,getAddressById
DA:14,9
DA:21,8
DA:28,2
DA:36,11
DA:44,6
DA:52,7
DA:60,7
DA:68,5
DA:76,7
LF:9
LH:9
BRF:0
BRH:0
end_of_record
TN:
SF:/Users/h0tmilk/Documents/ApeGuard/contracts/Relations/ProtocolsDomainNames.sol
FN:13,constructor
FN:19,addDomainName
FN:26,removeDomainName
FN:31,isLinked
FN:39,getLinksTotalCount
FN:47,getDomainNamesCount
FN:55,getDomainNameByIndex
FN:63,getProtocolsCount
FN:71,getProtocolById
FNF:9
FNH:0
FNDA:0,constructor
FNDA:0,addDomainName
FNDA:0,removeDomainName
FNDA:0,isLinked
FNDA:0,getLinksTotalCount
FNDA:0,getDomainNamesCount
FNDA:0,getDomainNameByIndex
FNDA:0,getProtocolsCount
FNDA:0,getProtocolById
DA:14,0
DA:21,0
DA:28,0
DA:36,0
DA:44,0
DA:52,0
DA:60,0
DA:68,0
DA:76,0
LF:9
LH:0
BRF:0
BRH:0
end_of_record
TN:
SF:/Users/h0tmilk/Documents/ApeGuard/contracts/Relations/TypeRelations/AddressesToStringsLink.sol
FN:26,constructor
FN:36,linkAddress
FN:64,unlinkAddress
FN:105,isLinked
FN:114,getLinksTotalCount
FN:122,getLinkedStringsCount
FN:130,getLinkedStringById
FN:143,getLinkedAddressesCount
FN:152,getLinkedAddressById
FN:167,_getLinkedAddressesCount
FN:175,_isLinked
FNF:11
FNH:11
FNDA:9,constructor
FNDA:8,linkAddress
FNDA:2,unlinkAddress
FNDA:21,isLinked
FNDA:6,getLinksTotalCount
FNDA:16,getLinkedStringsCount
FNDA:7,getLinkedStringById
FNDA:5,getLinkedAddressesCount
FNDA:7,getLinkedAddressById
FNDA:7,_getLinkedAddressesCount
FNDA:31,_isLinked
DA:27,9
DA:28,9
DA:30,9
DA:31,9
DA:38,8
DA:39,8
DA:41,8
DA:42,8
DA:44,8
DA:45,8
DA:46,8
DA:47,8
DA:48,8
DA:49,8
DA:50,8
DA:51,8
DA:52,8
DA:54,8
DA:57,8
DA:58,0
DA:66,2
DA:67,2
DA:70,2
DA:71,2
DA:73,2
DA:76,2
DA:77,2
DA:78,2
DA:79,2
DA:82,2
DA:83,2
DA:84,2
DA:85,2
DA:88,2
DA:89,2
DA:90,2
DA:91,2
DA:94,2
DA:97,2
DA:100,2
DA:101,1
DA:110,21
DA:111,21
DA:119,6
DA:127,16
DA:135,7
DA:136,5
DA:137,5
DA:139,5
DA:140,5
DA:148,5
DA:149,5
DA:157,7
DA:158,7
DA:160,5
DA:161,5
DA:163,5
DA:164,5
DA:172,7
DA:180,31
LF:60
LH:59
BRDA:38,1,0,8
BRDA:38,1,1,0
BRDA:39,2,0,8
BRDA:39,2,1,0
BRDA:57,3,0,0
BRDA:57,3,1,8
BRDA:66,4,0,2
BRDA:66,4,1,0
BRDA:67,5,0,2
BRDA:67,5,1,0
BRDA:100,6,0,1
BRDA:100,6,1,1
BRDA:135,7,0,5
BRDA:135,7,1,2
BRDA:137,8,0,5
BRDA:137,8,1,0
BRDA:158,9,0,5
BRDA:158,9,1,2
BRDA:161,10,0,5
BRDA:161,10,1,0
BRF:20
BRH:13
end_of_record
TN:
SF:/Users/h0tmilk/Documents/ApeGuard/contracts/Relations/TypeRelations/StringsToStringsLink.sol
FN:25,constructor
FN:35,linkString
FN:64,unlinkAddress
FN:105,isLinked
FN:115,getLinksTotalCount
FN:123,getStringR1LinkedStringsR2Count
FN:132,getStringR1LinkedStringsR2ByIndex
FN:146,getStringR2LinkedStringsR1Count
FN:155,getStringR2LinkedStringsR1ByIndex
FN:169,_isLinked
FNF:10
FNH:0
FNDA:0,constructor
FNDA:0,linkString
FNDA:0,unlinkAddress
FNDA:0,isLinked
FNDA:0,getLinksTotalCount
FNDA:0,getStringR1LinkedStringsR2Count
FNDA:0,getStringR1LinkedStringsR2ByIndex
FNDA:0,getStringR2LinkedStringsR1Count
FNDA:0,getStringR2LinkedStringsR1ByIndex
FNDA:0,_isLinked
DA:26,0
DA:27,0
DA:29,0
DA:30,0
DA:37,0
DA:38,0
DA:40,0
DA:41,0
DA:42,0
DA:44,0
DA:45,0
DA:46,0
DA:47,0
DA:48,0
DA:49,0
DA:50,0
DA:51,0
DA:52,0
DA:54,0
DA:57,0
DA:58,0
DA:66,0
DA:67,0
DA:69,0
DA:70,0
DA:71,0
DA:73,0
DA:76,0
DA:77,0
DA:78,0
DA:79,0
DA:82,0
DA:83,0
DA:84,0
DA:85,0
DA:88,0
DA:89,0
DA:90,0
DA:91,0
DA:94,0
DA:97,0
DA:100,0
DA:101,0
DA:110,0
DA:111,0
DA:112,0
DA:120,0
DA:128,0
DA:129,0
DA:137,0
DA:138,0
DA:139,0
DA:140,0
DA:142,0
DA:143,0
DA:151,0
DA:152,0
DA:160,0
DA:161,0
DA:162,0
DA:163,0
DA:165,0
DA:166,0
DA:174,0
LF:64
LH:0
BRDA:37,1,0,0
BRDA:37,1,1,0
BRDA:38,2,0,0
BRDA:38,2,1,0
BRDA:57,3,0,0
BRDA:57,3,1,0
BRDA:66,4,0,0
BRDA:66,4,1,0
BRDA:67,5,0,0
BRDA:67,5,1,0
BRDA:100,6,0,0
BRDA:100,6,1,0
BRDA:137,7,0,0
BRDA:137,7,1,0
BRDA:140,8,0,0
BRDA:140,8,1,0
BRDA:160,9,0,0
BRDA:160,9,1,0
BRDA:163,10,0,0
BRDA:163,10,1,0
BRF:20
BRH:0
end_of_record
