TN:
SF:/Users/h0tmilk/Documents/Certimio/contracts/Registries/ExecutorsRegistry.sol
FN:16,add
FN:25,remove
FN:40,getByIndex
FN:46,getExecutorId
FN:53,size
FN:57,contains
FN:62,_contains
FN:66,_isInRange
FNF:8
FNH:8
FNDA:27,add
FNDA:6,remove
FNDA:8,getByIndex
FNDA:8,getExecutorId
FNDA:4,size
FNDA:28,contains
FNDA:69,_contains
FNDA:13,_isInRange
DA:17,27
DA:18,27
DA:20,27
DA:21,27
DA:22,27
DA:26,6
DA:27,6
DA:28,5
DA:29,5
DA:32,5
DA:33,5
DA:34,5
DA:35,5
DA:36,5
DA:37,5
DA:41,8
DA:43,8
DA:47,8
DA:48,8
DA:50,8
DA:54,4
DA:58,28
DA:59,28
DA:63,69
DA:67,13
LF:25
LH:25
BRDA:18,1,0,27
BRDA:18,1,1,0
BRDA:27,2,0,5
BRDA:27,2,1,1
BRDA:28,3,0,5
BRDA:28,3,1,0
BRDA:41,4,0,8
BRDA:41,4,1,0
BRDA:48,5,0,8
BRDA:48,5,1,0
BRF:10
BRH:6
end_of_record
TN:
SF:/Users/h0tmilk/Documents/Certimio/contracts/Registries/ProtocolsRegistry.sol
FN:16,add
FN:26,remove
FN:42,getByIndex
FN:48,getProtocolId
FN:55,size
FN:59,contains
FN:64,_contains
FN:68,_isInRange
FN:72,protocolNameToBytes
FN:76,bytesToProtocolName
FN:81,_toLowerCase
FNF:11
FNH:11
FNDA:49,add
FNDA:5,remove
FNDA:8,getByIndex
FNDA:8,getProtocolId
FNDA:6,size
FNDA:34,contains
FNDA:96,_contains
FNDA:12,_isInRange
FNDA:158,protocolNameToBytes
FNDA:6,bytesToProtocolName
FNDA:158,_toLowerCase
DA:17,49
DA:18,49
DA:19,49
DA:21,48
DA:22,48
DA:23,48
DA:27,5
DA:28,5
DA:29,5
DA:30,4
DA:31,4
DA:34,4
DA:35,4
DA:36,4
DA:37,4
DA:38,4
DA:39,4
DA:43,8
DA:45,8
DA:49,8
DA:50,8
DA:52,8
DA:56,6
DA:60,34
DA:61,34
DA:65,96
DA:69,12
DA:73,158
DA:77,6
DA:78,6
DA:82,158
DA:83,158
DA:84,158
DA:86,899
DA:88,433
DA:90,466
DA:93,158
LF:37
LH:37
BRDA:19,1,0,48
BRDA:19,1,1,1
BRDA:29,2,0,4
BRDA:29,2,1,1
BRDA:30,3,0,4
BRDA:30,3,1,0
BRDA:43,4,0,8
BRDA:43,4,1,0
BRDA:50,5,0,8
BRDA:50,5,1,0
BRDA:86,6,0,433
BRDA:86,6,1,466
BRF:12
BRH:9
end_of_record
TN:
SF:/Users/h0tmilk/Documents/Certimio/contracts/Registries/TrustedAddressesRegistry.sol
FN:16,add
FN:25,remove
FN:40,getByIndex
FN:46,getTrustedAddressId
FN:53,size
FN:57,contains
FN:62,_contains
FN:66,_isInRange
FNF:8
FNH:8
FNDA:13,add
FNDA:5,remove
FNDA:8,getByIndex
FNDA:8,getTrustedAddressId
FNDA:4,size
FNDA:5,contains
FNDA:31,_contains
FNDA:12,_isInRange
DA:17,13
DA:18,13
DA:20,13
DA:21,13
DA:22,13
DA:26,5
DA:27,5
DA:28,4
DA:29,4
DA:32,4
DA:33,4
DA:34,4
DA:35,4
DA:36,4
DA:37,4
DA:41,8
DA:43,8
DA:47,8
DA:48,8
DA:50,8
DA:54,4
DA:58,5
DA:59,5
DA:63,31
DA:67,12
LF:25
LH:25
BRDA:18,1,0,13
BRDA:18,1,1,0
BRDA:27,2,0,4
BRDA:27,2,1,1
BRDA:28,3,0,4
BRDA:28,3,1,0
BRDA:41,4,0,8
BRDA:41,4,1,0
BRDA:48,5,0,8
BRDA:48,5,1,0
BRF:10
BRH:6
end_of_record
TN:
SF:/Users/h0tmilk/Documents/Certimio/contracts/Registries/TrustedDomainsRegistry.sol
FN:16,add
FN:27,remove
FN:43,getByIndex
FN:49,getTrustedDomainId
FN:56,size
FN:60,contains
FN:65,_contains
FN:69,_isInRange
FN:73,_trustedDomainNameToIndex
FN:77,_toLowerCase
FN:92,_isValidDomainName
FNF:11
FNH:11
FNDA:22,add
FNDA:5,remove
FNDA:8,getByIndex
FNDA:8,getTrustedDomainId
FNDA:12,size
FNDA:9,contains
FNDA:38,_contains
FNDA:12,_isInRange
FNDA:38,_trustedDomainNameToIndex
FNDA:38,_toLowerCase
FNDA:22,_isValidDomainName
DA:17,22
DA:18,16
DA:19,16
DA:20,16
DA:22,15
DA:23,15
DA:24,15
DA:28,5
DA:29,5
DA:30,5
DA:31,4
DA:32,4
DA:35,4
DA:36,4
DA:37,4
DA:38,4
DA:39,4
DA:40,4
DA:44,8
DA:46,8
DA:50,8
DA:51,8
DA:53,8
DA:57,12
DA:61,9
DA:62,9
DA:66,38
DA:70,12
DA:74,38
DA:78,38
DA:79,38
DA:80,38
DA:82,296
DA:84,5
DA:86,291
DA:89,38
DA:93,22
DA:94,22
DA:95,1
DA:97,21
DA:98,21
DA:99,21
DA:100,181
DA:108,4
DA:110,177
DA:111,177
DA:113,17
LF:47
LH:47
BRDA:17,1,0,16
BRDA:17,1,1,6
BRDA:20,2,0,15
BRDA:20,2,1,1
BRDA:30,3,0,4
BRDA:30,3,1,1
BRDA:31,4,0,4
BRDA:31,4,1,0
BRDA:44,5,0,8
BRDA:44,5,1,0
BRDA:51,6,0,8
BRDA:51,6,1,0
BRDA:82,7,0,5
BRDA:82,7,1,291
BRDA:94,8,0,1
BRDA:94,8,1,21
BRDA:100,9,0,4
BRDA:100,9,1,177
BRDA:110,10,0,20
BRDA:110,10,1,157
BRF:20
BRH:17
end_of_record
TN:
SF:/Users/h0tmilk/Documents/Certimio/contracts/Relations/ProtocolExecutorRelation.sol
FN:26,constructor
FN:33,allowExecutor
FN:61,disallowExecutor
FN:102,isAllowed
FN:111,getRelationsTotalCount
FN:119,getAllowedProtocolCount
FN:127,getAllowedProtocolId
FN:139,getAllowedExecutorCount
FN:148,getAllowedExecutorId
FN:161,_isAllowed
FNF:10
FNH:10
FNDA:33,constructor
FNDA:21,allowExecutor
FNDA:4,disallowExecutor
FNDA:32,isAllowed
FNDA:4,getRelationsTotalCount
FNDA:6,getAllowedProtocolCount
FNDA:6,getAllowedProtocolId
FNDA:2,getAllowedExecutorCount
FNDA:5,getAllowedExecutorId
FNDA:43,_isAllowed
DA:27,33
DA:28,33
DA:35,21
DA:36,20
DA:38,19
DA:39,19
DA:41,19
DA:42,19
DA:43,19
DA:44,19
DA:45,19
DA:46,19
DA:47,19
DA:48,19
DA:49,19
DA:51,19
DA:54,19
DA:55,14
DA:63,4
DA:64,4
DA:67,4
DA:68,4
DA:70,4
DA:73,4
DA:74,4
DA:75,4
DA:76,4
DA:79,4
DA:80,4
DA:81,4
DA:82,4
DA:85,4
DA:86,4
DA:87,4
DA:88,4
DA:91,4
DA:94,4
DA:97,4
DA:98,1
DA:107,32
DA:108,32
DA:116,4
DA:124,6
DA:132,6
DA:133,6
DA:135,6
DA:136,6
DA:144,2
DA:145,2
DA:153,5
DA:154,5
DA:155,5
DA:157,5
DA:158,5
DA:166,43
LF:55
LH:55
BRDA:35,1,0,20
BRDA:35,1,1,1
BRDA:36,2,0,19
BRDA:36,2,1,1
BRDA:54,3,0,14
BRDA:54,3,1,5
BRDA:63,4,0,4
BRDA:63,4,1,0
BRDA:64,5,0,4
BRDA:64,5,1,0
BRDA:97,6,0,1
BRDA:97,6,1,3
BRDA:133,7,0,6
BRDA:133,7,1,0
BRDA:155,8,0,5
BRDA:155,8,1,0
BRF:16
BRH:12
end_of_record
